Jan 15, 2018 10:23:04 PM org.apache.catalina.startup.VersionLoggerListener log
INFO: Server version:        Apache Tomcat/7.0.82
Jan 15, 2018 10:23:04 PM org.apache.catalina.startup.VersionLoggerListener log
INFO: Server built:          Sep 29 2017 12:23:15 UTC
Jan 15, 2018 10:23:04 PM org.apache.catalina.startup.VersionLoggerListener log
INFO: Server number:         7.0.82.0
Jan 15, 2018 10:23:04 PM org.apache.catalina.startup.VersionLoggerListener log
INFO: OS Name:               Windows 8.1
Jan 15, 2018 10:23:04 PM org.apache.catalina.startup.VersionLoggerListener log
INFO: OS Version:            6.3
Jan 15, 2018 10:23:04 PM org.apache.catalina.startup.VersionLoggerListener log
INFO: Architecture:          amd64
Jan 15, 2018 10:23:04 PM org.apache.catalina.startup.VersionLoggerListener log
INFO: Java Home:             C:\Program Files\Java\jdk1.8.0_73\jre
Jan 15, 2018 10:23:04 PM org.apache.catalina.startup.VersionLoggerListener log
INFO: JVM Version:           1.8.0_73-b02
Jan 15, 2018 10:23:04 PM org.apache.catalina.startup.VersionLoggerListener log
INFO: JVM Vendor:            Oracle Corporation
Jan 15, 2018 10:23:04 PM org.apache.catalina.startup.VersionLoggerListener log
INFO: CATALINA_BASE:         C:\Program Files\Apache\apache-tomcat-7.0.82
Jan 15, 2018 10:23:04 PM org.apache.catalina.startup.VersionLoggerListener log
INFO: CATALINA_HOME:         C:\Program Files\Apache\apache-tomcat-7.0.82
Jan 15, 2018 10:23:04 PM org.apache.catalina.startup.VersionLoggerListener log
INFO: Command line argument: -Djava.util.logging.config.file=C:\Program Files\Apache\apache-tomcat-7.0.82\conf\logging.properties
Jan 15, 2018 10:23:04 PM org.apache.catalina.startup.VersionLoggerListener log
INFO: Command line argument: -Djava.util.logging.manager=org.apache.juli.ClassLoaderLogManager
Jan 15, 2018 10:23:04 PM org.apache.catalina.startup.VersionLoggerListener log
INFO: Command line argument: -Djdk.tls.ephemeralDHKeySize=2048
Jan 15, 2018 10:23:04 PM org.apache.catalina.startup.VersionLoggerListener log
INFO: Command line argument: -Djava.endorsed.dirs=C:\Program Files\Apache\apache-tomcat-7.0.82\endorsed
Jan 15, 2018 10:23:04 PM org.apache.catalina.startup.VersionLoggerListener log
INFO: Command line argument: -Dcatalina.base=C:\Program Files\Apache\apache-tomcat-7.0.82
Jan 15, 2018 10:23:04 PM org.apache.catalina.startup.VersionLoggerListener log
INFO: Command line argument: -Dcatalina.home=C:\Program Files\Apache\apache-tomcat-7.0.82
Jan 15, 2018 10:23:04 PM org.apache.catalina.startup.VersionLoggerListener log
INFO: Command line argument: -Djava.io.tmpdir=C:\Program Files\Apache\apache-tomcat-7.0.82\temp
Jan 15, 2018 10:23:04 PM org.apache.catalina.core.AprLifecycleListener lifecycleEvent
INFO: Loaded APR based Apache Tomcat Native library 1.2.14 using APR version 1.6.2.
Jan 15, 2018 10:23:04 PM org.apache.catalina.core.AprLifecycleListener lifecycleEvent
INFO: APR capabilities: IPv6 [true], sendfile [true], accept filters [false], random [true].
Jan 15, 2018 10:23:06 PM org.apache.catalina.core.AprLifecycleListener initializeSSL
INFO: OpenSSL successfully initialized (OpenSSL 1.0.2l  25 May 2017)
Jan 15, 2018 10:23:13 PM org.apache.coyote.AbstractProtocol init
INFO: Initializing ProtocolHandler ["http-apr-8080"]
Jan 15, 2018 10:23:14 PM org.apache.coyote.AbstractProtocol init
INFO: Initializing ProtocolHandler ["ajp-apr-8009"]
Jan 15, 2018 10:23:14 PM org.apache.catalina.startup.Catalina load
INFO: Initialization processed in 30622 ms
Jan 15, 2018 10:23:14 PM org.apache.catalina.core.StandardService startInternal
INFO: Starting service Catalina
Jan 15, 2018 10:23:14 PM org.apache.catalina.core.StandardEngine startInternal
INFO: Starting Servlet Engine: Apache Tomcat/7.0.82
Jan 15, 2018 10:23:15 PM org.apache.catalina.startup.HostConfig deployDescriptor
INFO: Deploying configuration descriptor C:\Program Files\Apache\apache-tomcat-7.0.82\conf\Catalina\localhost\task11.xml
Jan 15, 2018 10:23:15 PM org.apache.catalina.startup.HostConfig deployDescriptor
WARNING: A docBase C:\Program Files\Apache\apache-tomcat-7.0.82\webapps\task11.war inside the host appBase has been specified, and will be ignored
Jan 15, 2018 10:23:15 PM org.apache.catalina.core.StandardContext resourcesStart
SEVERE: Error starting static Resources
java.lang.IllegalArgumentException: Document base C:\Program Files\Apache\apache-tomcat-7.0.82\webapps\task11 does not exist or is not a readable directory
	at org.apache.naming.resources.FileDirContext.setDocBase(FileDirContext.java:136)
	at org.apache.catalina.core.StandardContext.resourcesStart(StandardContext.java:5239)
	at org.apache.catalina.core.StandardContext.startInternal(StandardContext.java:5430)
	at org.apache.catalina.util.LifecycleBase.start(LifecycleBase.java:145)
	at org.apache.catalina.core.ContainerBase.addChildInternal(ContainerBase.java:1015)
	at org.apache.catalina.core.ContainerBase.addChild(ContainerBase.java:991)
	at org.apache.catalina.core.StandardHost.addChild(StandardHost.java:652)
	at org.apache.catalina.startup.HostConfig.deployDescriptor(HostConfig.java:712)
	at org.apache.catalina.startup.HostConfig$DeployDescriptor.run(HostConfig.java:2002)
	at java.util.concurrent.Executors$RunnableAdapter.call(Executors.java:511)
	at java.util.concurrent.FutureTask.run(FutureTask.java:266)
	at java.util.concurrent.ThreadPoolExecutor.runWorker(ThreadPoolExecutor.java:1142)
	at java.util.concurrent.ThreadPoolExecutor$Worker.run(ThreadPoolExecutor.java:617)
	at java.lang.Thread.run(Thread.java:745)

Jan 15, 2018 10:23:15 PM org.apache.catalina.core.ContainerBase addChildInternal
SEVERE: ContainerBase.addChild: start: 
org.apache.catalina.LifecycleException: Failed to start component [StandardEngine[Catalina].StandardHost[localhost].StandardContext[/task11]]
	at org.apache.catalina.util.LifecycleBase.start(LifecycleBase.java:162)
	at org.apache.catalina.core.ContainerBase.addChildInternal(ContainerBase.java:1015)
	at org.apache.catalina.core.ContainerBase.addChild(ContainerBase.java:991)
	at org.apache.catalina.core.StandardHost.addChild(StandardHost.java:652)
	at org.apache.catalina.startup.HostConfig.deployDescriptor(HostConfig.java:712)
	at org.apache.catalina.startup.HostConfig$DeployDescriptor.run(HostConfig.java:2002)
	at java.util.concurrent.Executors$RunnableAdapter.call(Executors.java:511)
	at java.util.concurrent.FutureTask.run(FutureTask.java:266)
	at java.util.concurrent.ThreadPoolExecutor.runWorker(ThreadPoolExecutor.java:1142)
	at java.util.concurrent.ThreadPoolExecutor$Worker.run(ThreadPoolExecutor.java:617)
	at java.lang.Thread.run(Thread.java:745)
Caused by: org.apache.catalina.LifecycleException: Error in resourceStart()
	at org.apache.catalina.core.StandardContext.startInternal(StandardContext.java:5431)
	at org.apache.catalina.util.LifecycleBase.start(LifecycleBase.java:145)
	... 10 more

Jan 15, 2018 10:23:15 PM org.apache.catalina.startup.HostConfig deployDescriptor
SEVERE: Error deploying configuration descriptor C:\Program Files\Apache\apache-tomcat-7.0.82\conf\Catalina\localhost\task11.xml
java.lang.IllegalStateException: ContainerBase.addChild: start: org.apache.catalina.LifecycleException: Failed to start component [StandardEngine[Catalina].StandardHost[localhost].StandardContext[/task11]]
	at org.apache.catalina.core.ContainerBase.addChildInternal(ContainerBase.java:1019)
	at org.apache.catalina.core.ContainerBase.addChild(ContainerBase.java:991)
	at org.apache.catalina.core.StandardHost.addChild(StandardHost.java:652)
	at org.apache.catalina.startup.HostConfig.deployDescriptor(HostConfig.java:712)
	at org.apache.catalina.startup.HostConfig$DeployDescriptor.run(HostConfig.java:2002)
	at java.util.concurrent.Executors$RunnableAdapter.call(Executors.java:511)
	at java.util.concurrent.FutureTask.run(FutureTask.java:266)
	at java.util.concurrent.ThreadPoolExecutor.runWorker(ThreadPoolExecutor.java:1142)
	at java.util.concurrent.ThreadPoolExecutor$Worker.run(ThreadPoolExecutor.java:617)
	at java.lang.Thread.run(Thread.java:745)

Jan 15, 2018 10:23:15 PM org.apache.catalina.startup.HostConfig deployDescriptor
INFO: Deployment of configuration descriptor C:\Program Files\Apache\apache-tomcat-7.0.82\conf\Catalina\localhost\task11.xml has finished in 612 ms
Jan 15, 2018 10:23:15 PM org.apache.catalina.startup.HostConfig deployDirectory
INFO: Deploying web application directory C:\Program Files\Apache\apache-tomcat-7.0.82\webapps\docs
Jan 15, 2018 10:23:18 PM org.apache.catalina.util.SessionIdGeneratorBase createSecureRandom
WARNING: Creation of SecureRandom instance for session ID generation using [SHA1PRNG] took [453] milliseconds.
Jan 15, 2018 10:23:18 PM org.apache.catalina.startup.HostConfig deployDirectory
INFO: Deployment of web application directory C:\Program Files\Apache\apache-tomcat-7.0.82\webapps\docs has finished in 3,170 ms
Jan 15, 2018 10:23:18 PM org.apache.catalina.startup.HostConfig deployDirectory
INFO: Deploying web application directory C:\Program Files\Apache\apache-tomcat-7.0.82\webapps\examples
Jan 15, 2018 10:23:26 PM org.apache.catalina.startup.HostConfig deployDirectory
INFO: Deployment of web application directory C:\Program Files\Apache\apache-tomcat-7.0.82\webapps\examples has finished in 7,513 ms
Jan 15, 2018 10:23:26 PM org.apache.catalina.startup.HostConfig deployDirectory
INFO: Deploying web application directory C:\Program Files\Apache\apache-tomcat-7.0.82\webapps\host-manager
Jan 15, 2018 10:23:44 PM org.apache.catalina.startup.HostConfig deployDirectory
INFO: Deployment of web application directory C:\Program Files\Apache\apache-tomcat-7.0.82\webapps\host-manager has finished in 18,152 ms
Jan 15, 2018 10:23:44 PM org.apache.catalina.startup.HostConfig deployDirectory
INFO: Deploying web application directory C:\Program Files\Apache\apache-tomcat-7.0.82\webapps\manager
Jan 15, 2018 10:23:45 PM org.apache.catalina.startup.HostConfig deployDirectory
INFO: Deployment of web application directory C:\Program Files\Apache\apache-tomcat-7.0.82\webapps\manager has finished in 937 ms
Jan 15, 2018 10:23:45 PM org.apache.catalina.startup.HostConfig deployDirectory
INFO: Deploying web application directory C:\Program Files\Apache\apache-tomcat-7.0.82\webapps\ROOT
Jan 15, 2018 10:23:45 PM org.apache.catalina.startup.HostConfig deployDirectory
INFO: Deployment of web application directory C:\Program Files\Apache\apache-tomcat-7.0.82\webapps\ROOT has finished in 387 ms
Jan 15, 2018 10:23:45 PM org.apache.coyote.AbstractProtocol start
INFO: Starting ProtocolHandler ["http-apr-8080"]
Jan 15, 2018 10:23:45 PM org.apache.coyote.AbstractProtocol start
INFO: Starting ProtocolHandler ["ajp-apr-8009"]
Jan 15, 2018 10:23:45 PM org.apache.catalina.startup.Catalina start
INFO: Server startup in 31940 ms
Jan 15, 2018 10:23:55 PM org.apache.catalina.startup.HostConfig reload
INFO: Reloading context [/task11]
Jan 15, 2018 10:23:55 PM org.apache.catalina.deploy.NamingResources cleanUp
WARNING: Failed to retrieve JNDI naming context for container [StandardEngine[Catalina].StandardHost[localhost].StandardContext[/task11]] so no cleanup was performed for that container
javax.naming.NameNotFoundException: Name [comp/env] is not bound in this Context. Unable to find [comp].
	at org.apache.naming.NamingContext.lookup(NamingContext.java:825)
	at org.apache.naming.NamingContext.lookup(NamingContext.java:173)
	at org.apache.catalina.deploy.NamingResources.cleanUp(NamingResources.java:986)
	at org.apache.catalina.deploy.NamingResources.stopInternal(NamingResources.java:968)
	at org.apache.catalina.util.LifecycleBase.stop(LifecycleBase.java:221)
	at org.apache.catalina.core.StandardContext.stopInternal(StandardContext.java:5847)
	at org.apache.catalina.util.LifecycleBase.stop(LifecycleBase.java:221)
	at org.apache.catalina.util.LifecycleBase.start(LifecycleBase.java:137)
	at org.apache.catalina.startup.HostConfig.reload(HostConfig.java:1584)
	at org.apache.catalina.startup.HostConfig.checkResources(HostConfig.java:1485)
	at org.apache.catalina.startup.HostConfig.check(HostConfig.java:1784)
	at org.apache.catalina.startup.HostConfig.lifecycleEvent(HostConfig.java:366)
	at org.apache.catalina.util.LifecycleSupport.fireLifecycleEvent(LifecycleSupport.java:117)
	at org.apache.catalina.util.LifecycleBase.fireLifecycleEvent(LifecycleBase.java:90)
	at org.apache.catalina.core.ContainerBase.backgroundProcess(ContainerBase.java:1500)
	at org.apache.catalina.core.ContainerBase$ContainerBackgroundProcessor.processChildren(ContainerBase.java:1671)
	at org.apache.catalina.core.ContainerBase$ContainerBackgroundProcessor.processChildren(ContainerBase.java:1681)
	at org.apache.catalina.core.ContainerBase$ContainerBackgroundProcessor.run(ContainerBase.java:1649)
	at java.lang.Thread.run(Thread.java:745)

Jan 15, 2018 10:23:59 PM org.apache.catalina.deploy.WebXml setVersion
WARNING: Unknown version string [3.1]. Default version will be used.
Jan 15, 2018 10:24:03 PM org.apache.catalina.startup.TldConfig execute
INFO: At least one JAR was scanned for TLDs yet contained no TLDs. Enable debug logging for this logger for a complete list of JARs that were scanned but no TLDs were found in them. Skipping unneeded JARs during scanning can improve startup time and JSP compilation time.
Jan 15, 2018 10:24:03 PM org.apache.tomcat.jdbc.pool.ConnectionPool checkPoolConfiguration
WARNING: maxIdle is larger than maxActive, setting maxIdle to: 20
Jan 15, 2018 10:24:03 PM org.apache.tomcat.jdbc.pool.ConnectionPool init
SEVERE: Unable to create initial connections of pool.
java.sql.SQLException: com.mysql.jdbc.Driver
	at org.apache.tomcat.jdbc.pool.PooledConnection.connectUsingDriver(PooledConnection.java:254)
	at org.apache.tomcat.jdbc.pool.PooledConnection.connect(PooledConnection.java:182)
	at org.apache.tomcat.jdbc.pool.ConnectionPool.createConnection(ConnectionPool.java:730)
	at org.apache.tomcat.jdbc.pool.ConnectionPool.borrowConnection(ConnectionPool.java:664)
	at org.apache.tomcat.jdbc.pool.ConnectionPool.init(ConnectionPool.java:482)
	at org.apache.tomcat.jdbc.pool.ConnectionPool.<init>(ConnectionPool.java:156)
	at org.apache.tomcat.jdbc.pool.DataSourceProxy.pCreatePool(DataSourceProxy.java:116)
	at org.apache.tomcat.jdbc.pool.DataSourceProxy.createPool(DataSourceProxy.java:103)
	at org.apache.tomcat.jdbc.pool.DataSourceFactory.createDataSource(DataSourceFactory.java:560)
	at org.apache.tomcat.jdbc.pool.DataSourceFactory.getObjectInstance(DataSourceFactory.java:245)
	at org.apache.naming.factory.ResourceFactory.getObjectInstance(ResourceFactory.java:141)
	at javax.naming.spi.NamingManager.getObjectInstance(NamingManager.java:321)
	at org.apache.naming.NamingContext.lookup(NamingContext.java:848)
	at org.apache.naming.NamingContext.lookup(NamingContext.java:159)
	at org.apache.naming.NamingContext.lookup(NamingContext.java:836)
	at org.apache.naming.NamingContext.lookup(NamingContext.java:173)
	at org.apache.catalina.core.NamingContextListener.addResource(NamingContextListener.java:1110)
	at org.apache.catalina.core.NamingContextListener.createNamingContext(NamingContextListener.java:689)
	at org.apache.catalina.core.NamingContextListener.lifecycleEvent(NamingContextListener.java:273)
	at org.apache.catalina.util.LifecycleSupport.fireLifecycleEvent(LifecycleSupport.java:117)
	at org.apache.catalina.util.LifecycleBase.fireLifecycleEvent(LifecycleBase.java:90)
	at org.apache.catalina.core.StandardContext.startInternal(StandardContext.java:5519)
	at org.apache.catalina.util.LifecycleBase.start(LifecycleBase.java:145)
	at org.apache.catalina.startup.HostConfig.reload(HostConfig.java:1584)
	at org.apache.catalina.startup.HostConfig.checkResources(HostConfig.java:1485)
	at org.apache.catalina.startup.HostConfig.check(HostConfig.java:1784)
	at org.apache.catalina.startup.HostConfig.lifecycleEvent(HostConfig.java:366)
	at org.apache.catalina.util.LifecycleSupport.fireLifecycleEvent(LifecycleSupport.java:117)
	at org.apache.catalina.util.LifecycleBase.fireLifecycleEvent(LifecycleBase.java:90)
	at org.apache.catalina.core.ContainerBase.backgroundProcess(ContainerBase.java:1500)
	at org.apache.catalina.core.ContainerBase$ContainerBackgroundProcessor.processChildren(ContainerBase.java:1671)
	at org.apache.catalina.core.ContainerBase$ContainerBackgroundProcessor.processChildren(ContainerBase.java:1681)
	at org.apache.catalina.core.ContainerBase$ContainerBackgroundProcessor.run(ContainerBase.java:1649)
	at java.lang.Thread.run(Thread.java:745)
Caused by: java.lang.ClassNotFoundException: com.mysql.jdbc.Driver
	at java.net.URLClassLoader.findClass(URLClassLoader.java:381)
	at java.lang.ClassLoader.loadClass(ClassLoader.java:424)
	at java.lang.ClassLoader.loadClass(ClassLoader.java:357)
	at java.lang.Class.forName0(Native Method)
	at java.lang.Class.forName(Class.java:348)
	at org.apache.tomcat.jdbc.pool.PooledConnection.connectUsingDriver(PooledConnection.java:246)
	... 33 more

Jan 15, 2018 10:24:03 PM org.apache.naming.NamingContext lookup
WARNING: Unexpected exception resolving reference
java.sql.SQLException: com.mysql.jdbc.Driver
	at org.apache.tomcat.jdbc.pool.PooledConnection.connectUsingDriver(PooledConnection.java:254)
	at org.apache.tomcat.jdbc.pool.PooledConnection.connect(PooledConnection.java:182)
	at org.apache.tomcat.jdbc.pool.ConnectionPool.createConnection(ConnectionPool.java:730)
	at org.apache.tomcat.jdbc.pool.ConnectionPool.borrowConnection(ConnectionPool.java:664)
	at org.apache.tomcat.jdbc.pool.ConnectionPool.init(ConnectionPool.java:482)
	at org.apache.tomcat.jdbc.pool.ConnectionPool.<init>(ConnectionPool.java:156)
	at org.apache.tomcat.jdbc.pool.DataSourceProxy.pCreatePool(DataSourceProxy.java:116)
	at org.apache.tomcat.jdbc.pool.DataSourceProxy.createPool(DataSourceProxy.java:103)
	at org.apache.tomcat.jdbc.pool.DataSourceFactory.createDataSource(DataSourceFactory.java:560)
	at org.apache.tomcat.jdbc.pool.DataSourceFactory.getObjectInstance(DataSourceFactory.java:245)
	at org.apache.naming.factory.ResourceFactory.getObjectInstance(ResourceFactory.java:141)
	at javax.naming.spi.NamingManager.getObjectInstance(NamingManager.java:321)
	at org.apache.naming.NamingContext.lookup(NamingContext.java:848)
	at org.apache.naming.NamingContext.lookup(NamingContext.java:159)
	at org.apache.naming.NamingContext.lookup(NamingContext.java:836)
	at org.apache.naming.NamingContext.lookup(NamingContext.java:173)
	at org.apache.catalina.core.NamingContextListener.addResource(NamingContextListener.java:1110)
	at org.apache.catalina.core.NamingContextListener.createNamingContext(NamingContextListener.java:689)
	at org.apache.catalina.core.NamingContextListener.lifecycleEvent(NamingContextListener.java:273)
	at org.apache.catalina.util.LifecycleSupport.fireLifecycleEvent(LifecycleSupport.java:117)
	at org.apache.catalina.util.LifecycleBase.fireLifecycleEvent(LifecycleBase.java:90)
	at org.apache.catalina.core.StandardContext.startInternal(StandardContext.java:5519)
	at org.apache.catalina.util.LifecycleBase.start(LifecycleBase.java:145)
	at org.apache.catalina.startup.HostConfig.reload(HostConfig.java:1584)
	at org.apache.catalina.startup.HostConfig.checkResources(HostConfig.java:1485)
	at org.apache.catalina.startup.HostConfig.check(HostConfig.java:1784)
	at org.apache.catalina.startup.HostConfig.lifecycleEvent(HostConfig.java:366)
	at org.apache.catalina.util.LifecycleSupport.fireLifecycleEvent(LifecycleSupport.java:117)
	at org.apache.catalina.util.LifecycleBase.fireLifecycleEvent(LifecycleBase.java:90)
	at org.apache.catalina.core.ContainerBase.backgroundProcess(ContainerBase.java:1500)
	at org.apache.catalina.core.ContainerBase$ContainerBackgroundProcessor.processChildren(ContainerBase.java:1671)
	at org.apache.catalina.core.ContainerBase$ContainerBackgroundProcessor.processChildren(ContainerBase.java:1681)
	at org.apache.catalina.core.ContainerBase$ContainerBackgroundProcessor.run(ContainerBase.java:1649)
	at java.lang.Thread.run(Thread.java:745)
Caused by: java.lang.ClassNotFoundException: com.mysql.jdbc.Driver
	at java.net.URLClassLoader.findClass(URLClassLoader.java:381)
	at java.lang.ClassLoader.loadClass(ClassLoader.java:424)
	at java.lang.ClassLoader.loadClass(ClassLoader.java:357)
	at java.lang.Class.forName0(Native Method)
	at java.lang.Class.forName(Class.java:348)
	at org.apache.tomcat.jdbc.pool.PooledConnection.connectUsingDriver(PooledConnection.java:246)
	... 33 more

Jan 15, 2018 10:24:03 PM org.apache.catalina.core.NamingContextListener addResource
WARNING: Failed to register in JMX: javax.naming.NamingException: com.mysql.jdbc.Driver
Jan 15, 2018 10:24:24 PM org.apache.jasper.compiler.TldLocationsCache tldScanJar
INFO: At least one JAR was scanned for TLDs yet contained no TLDs. Enable debug logging for this logger for a complete list of JARs that were scanned but no TLDs were found in them. Skipping unneeded JARs during scanning can improve startup time and JSP compilation time.
Jan 15, 2018 10:42:55 PM org.apache.catalina.core.StandardServer await
INFO: A valid shutdown command was received via the shutdown port. Stopping the Server instance.
Jan 15, 2018 10:42:56 PM org.apache.coyote.AbstractProtocol pause
INFO: Pausing ProtocolHandler ["http-apr-8080"]
Jan 15, 2018 10:42:56 PM org.apache.coyote.AbstractProtocol pause
INFO: Pausing ProtocolHandler ["ajp-apr-8009"]
Jan 15, 2018 10:42:56 PM org.apache.catalina.core.StandardService stopInternal
INFO: Stopping service Catalina
Jan 15, 2018 10:43:16 PM org.apache.catalina.loader.WebappClassLoaderBase clearReferencesJdbc
SEVERE: The web application [/task11] registered the JDBC driver [com.mysql.jdbc.Driver] but failed to unregister it when the web application was stopped. To prevent a memory leak, the JDBC Driver has been forcibly unregistered.
Jan 15, 2018 10:43:16 PM org.apache.catalina.loader.WebappClassLoaderBase clearReferencesThreads
SEVERE: The web application [/task11] appears to have started a thread named [Abandoned connection cleanup thread] but has failed to stop it. This is very likely to create a memory leak.
Jan 15, 2018 10:43:18 PM org.apache.coyote.AbstractProtocol stop
INFO: Stopping ProtocolHandler ["http-apr-8080"]
Jan 15, 2018 10:43:19 PM org.apache.coyote.AbstractProtocol stop
INFO: Stopping ProtocolHandler ["ajp-apr-8009"]
Jan 15, 2018 10:43:19 PM org.apache.coyote.AbstractProtocol destroy
INFO: Destroying ProtocolHandler ["http-apr-8080"]
Jan 15, 2018 10:43:19 PM org.apache.coyote.AbstractProtocol destroy
INFO: Destroying ProtocolHandler ["ajp-apr-8009"]
Jan 15, 2018 10:48:45 PM org.apache.catalina.startup.VersionLoggerListener log
INFO: Server version:        Apache Tomcat/7.0.82
Jan 15, 2018 10:48:45 PM org.apache.catalina.startup.VersionLoggerListener log
INFO: Server built:          Sep 29 2017 12:23:15 UTC
Jan 15, 2018 10:48:45 PM org.apache.catalina.startup.VersionLoggerListener log
INFO: Server number:         7.0.82.0
Jan 15, 2018 10:48:45 PM org.apache.catalina.startup.VersionLoggerListener log
INFO: OS Name:               Windows 8.1
Jan 15, 2018 10:48:45 PM org.apache.catalina.startup.VersionLoggerListener log
INFO: OS Version:            6.3
Jan 15, 2018 10:48:45 PM org.apache.catalina.startup.VersionLoggerListener log
INFO: Architecture:          amd64
Jan 15, 2018 10:48:45 PM org.apache.catalina.startup.VersionLoggerListener log
INFO: Java Home:             C:\Program Files\Java\jdk1.8.0_73\jre
Jan 15, 2018 10:48:45 PM org.apache.catalina.startup.VersionLoggerListener log
INFO: JVM Version:           1.8.0_73-b02
Jan 15, 2018 10:48:45 PM org.apache.catalina.startup.VersionLoggerListener log
INFO: JVM Vendor:            Oracle Corporation
Jan 15, 2018 10:48:45 PM org.apache.catalina.startup.VersionLoggerListener log
INFO: CATALINA_BASE:         C:\Program Files\Apache\apache-tomcat-7.0.82
Jan 15, 2018 10:48:45 PM org.apache.catalina.startup.VersionLoggerListener log
INFO: CATALINA_HOME:         C:\Program Files\Apache\apache-tomcat-7.0.82
Jan 15, 2018 10:48:45 PM org.apache.catalina.startup.VersionLoggerListener log
INFO: Command line argument: -Djava.util.logging.config.file=C:\Program Files\Apache\apache-tomcat-7.0.82\conf\logging.properties
Jan 15, 2018 10:48:45 PM org.apache.catalina.startup.VersionLoggerListener log
INFO: Command line argument: -Djava.util.logging.manager=org.apache.juli.ClassLoaderLogManager
Jan 15, 2018 10:48:45 PM org.apache.catalina.startup.VersionLoggerListener log
INFO: Command line argument: -Djdk.tls.ephemeralDHKeySize=2048
Jan 15, 2018 10:48:45 PM org.apache.catalina.startup.VersionLoggerListener log
INFO: Command line argument: -Djava.endorsed.dirs=C:\Program Files\Apache\apache-tomcat-7.0.82\endorsed
Jan 15, 2018 10:48:45 PM org.apache.catalina.startup.VersionLoggerListener log
INFO: Command line argument: -Dcatalina.base=C:\Program Files\Apache\apache-tomcat-7.0.82
Jan 15, 2018 10:48:45 PM org.apache.catalina.startup.VersionLoggerListener log
INFO: Command line argument: -Dcatalina.home=C:\Program Files\Apache\apache-tomcat-7.0.82
Jan 15, 2018 10:48:45 PM org.apache.catalina.startup.VersionLoggerListener log
INFO: Command line argument: -Djava.io.tmpdir=C:\Program Files\Apache\apache-tomcat-7.0.82\temp
Jan 15, 2018 10:48:45 PM org.apache.catalina.core.AprLifecycleListener lifecycleEvent
INFO: Loaded APR based Apache Tomcat Native library 1.2.14 using APR version 1.6.2.
Jan 15, 2018 10:48:45 PM org.apache.catalina.core.AprLifecycleListener lifecycleEvent
INFO: APR capabilities: IPv6 [true], sendfile [true], accept filters [false], random [true].
Jan 15, 2018 10:48:47 PM org.apache.catalina.core.AprLifecycleListener initializeSSL
INFO: OpenSSL successfully initialized (OpenSSL 1.0.2l  25 May 2017)
Jan 15, 2018 10:48:49 PM org.apache.coyote.AbstractProtocol init
INFO: Initializing ProtocolHandler ["http-apr-8080"]
Jan 15, 2018 10:48:49 PM org.apache.coyote.AbstractProtocol init
INFO: Initializing ProtocolHandler ["ajp-apr-8009"]
Jan 15, 2018 10:48:49 PM org.apache.catalina.startup.Catalina load
INFO: Initialization processed in 11094 ms
Jan 15, 2018 10:48:50 PM org.apache.catalina.core.StandardService startInternal
INFO: Starting service Catalina
Jan 15, 2018 10:48:50 PM org.apache.catalina.core.StandardEngine startInternal
INFO: Starting Servlet Engine: Apache Tomcat/7.0.82
Jan 15, 2018 10:48:50 PM org.apache.catalina.startup.HostConfig deployDescriptor
INFO: Deploying configuration descriptor C:\Program Files\Apache\apache-tomcat-7.0.82\conf\Catalina\localhost\task11.xml
Jan 15, 2018 10:48:50 PM org.apache.catalina.startup.HostConfig deployDescriptor
WARNING: A docBase C:\Program Files\Apache\apache-tomcat-7.0.82\webapps\task11.war inside the host appBase has been specified, and will be ignored
Jan 15, 2018 10:48:53 PM org.apache.catalina.deploy.WebXml setVersion
WARNING: Unknown version string [3.1]. Default version will be used.
Jan 15, 2018 10:48:55 PM org.apache.catalina.startup.TldConfig execute
INFO: At least one JAR was scanned for TLDs yet contained no TLDs. Enable debug logging for this logger for a complete list of JARs that were scanned but no TLDs were found in them. Skipping unneeded JARs during scanning can improve startup time and JSP compilation time.
Jan 15, 2018 10:48:55 PM org.apache.tomcat.jdbc.pool.ConnectionPool checkPoolConfiguration
WARNING: maxIdle is larger than maxActive, setting maxIdle to: 20
Jan 15, 2018 10:48:55 PM org.apache.tomcat.jdbc.pool.ConnectionPool init
SEVERE: Unable to create initial connections of pool.
java.sql.SQLException: com.mysql.jdbc.Driver
	at org.apache.tomcat.jdbc.pool.PooledConnection.connectUsingDriver(PooledConnection.java:254)
	at org.apache.tomcat.jdbc.pool.PooledConnection.connect(PooledConnection.java:182)
	at org.apache.tomcat.jdbc.pool.ConnectionPool.createConnection(ConnectionPool.java:730)
	at org.apache.tomcat.jdbc.pool.ConnectionPool.borrowConnection(ConnectionPool.java:664)
	at org.apache.tomcat.jdbc.pool.ConnectionPool.init(ConnectionPool.java:482)
	at org.apache.tomcat.jdbc.pool.ConnectionPool.<init>(ConnectionPool.java:156)
	at org.apache.tomcat.jdbc.pool.DataSourceProxy.pCreatePool(DataSourceProxy.java:116)
	at org.apache.tomcat.jdbc.pool.DataSourceProxy.createPool(DataSourceProxy.java:103)
	at org.apache.tomcat.jdbc.pool.DataSourceFactory.createDataSource(DataSourceFactory.java:560)
	at org.apache.tomcat.jdbc.pool.DataSourceFactory.getObjectInstance(DataSourceFactory.java:245)
	at org.apache.naming.factory.ResourceFactory.getObjectInstance(ResourceFactory.java:141)
	at javax.naming.spi.NamingManager.getObjectInstance(NamingManager.java:321)
	at org.apache.naming.NamingContext.lookup(NamingContext.java:848)
	at org.apache.naming.NamingContext.lookup(NamingContext.java:159)
	at org.apache.naming.NamingContext.lookup(NamingContext.java:836)
	at org.apache.naming.NamingContext.lookup(NamingContext.java:173)
	at org.apache.catalina.core.NamingContextListener.addResource(NamingContextListener.java:1110)
	at org.apache.catalina.core.NamingContextListener.createNamingContext(NamingContextListener.java:689)
	at org.apache.catalina.core.NamingContextListener.lifecycleEvent(NamingContextListener.java:273)
	at org.apache.catalina.util.LifecycleSupport.fireLifecycleEvent(LifecycleSupport.java:117)
	at org.apache.catalina.util.LifecycleBase.fireLifecycleEvent(LifecycleBase.java:90)
	at org.apache.catalina.core.StandardContext.startInternal(StandardContext.java:5519)
	at org.apache.catalina.util.LifecycleBase.start(LifecycleBase.java:145)
	at org.apache.catalina.core.ContainerBase.addChildInternal(ContainerBase.java:1015)
	at org.apache.catalina.core.ContainerBase.addChild(ContainerBase.java:991)
	at org.apache.catalina.core.StandardHost.addChild(StandardHost.java:652)
	at org.apache.catalina.startup.HostConfig.deployDescriptor(HostConfig.java:712)
	at org.apache.catalina.startup.HostConfig$DeployDescriptor.run(HostConfig.java:2002)
	at java.util.concurrent.Executors$RunnableAdapter.call(Executors.java:511)
	at java.util.concurrent.FutureTask.run(FutureTask.java:266)
	at java.util.concurrent.ThreadPoolExecutor.runWorker(ThreadPoolExecutor.java:1142)
	at java.util.concurrent.ThreadPoolExecutor$Worker.run(ThreadPoolExecutor.java:617)
	at java.lang.Thread.run(Thread.java:745)
Caused by: java.lang.ClassNotFoundException: com.mysql.jdbc.Driver
	at java.net.URLClassLoader.findClass(URLClassLoader.java:381)
	at java.lang.ClassLoader.loadClass(ClassLoader.java:424)
	at java.lang.ClassLoader.loadClass(ClassLoader.java:357)
	at java.lang.Class.forName0(Native Method)
	at java.lang.Class.forName(Class.java:348)
	at org.apache.tomcat.jdbc.pool.PooledConnection.connectUsingDriver(PooledConnection.java:246)
	... 32 more

Jan 15, 2018 10:48:55 PM org.apache.naming.NamingContext lookup
WARNING: Unexpected exception resolving reference
java.sql.SQLException: com.mysql.jdbc.Driver
	at org.apache.tomcat.jdbc.pool.PooledConnection.connectUsingDriver(PooledConnection.java:254)
	at org.apache.tomcat.jdbc.pool.PooledConnection.connect(PooledConnection.java:182)
	at org.apache.tomcat.jdbc.pool.ConnectionPool.createConnection(ConnectionPool.java:730)
	at org.apache.tomcat.jdbc.pool.ConnectionPool.borrowConnection(ConnectionPool.java:664)
	at org.apache.tomcat.jdbc.pool.ConnectionPool.init(ConnectionPool.java:482)
	at org.apache.tomcat.jdbc.pool.ConnectionPool.<init>(ConnectionPool.java:156)
	at org.apache.tomcat.jdbc.pool.DataSourceProxy.pCreatePool(DataSourceProxy.java:116)
	at org.apache.tomcat.jdbc.pool.DataSourceProxy.createPool(DataSourceProxy.java:103)
	at org.apache.tomcat.jdbc.pool.DataSourceFactory.createDataSource(DataSourceFactory.java:560)
	at org.apache.tomcat.jdbc.pool.DataSourceFactory.getObjectInstance(DataSourceFactory.java:245)
	at org.apache.naming.factory.ResourceFactory.getObjectInstance(ResourceFactory.java:141)
	at javax.naming.spi.NamingManager.getObjectInstance(NamingManager.java:321)
	at org.apache.naming.NamingContext.lookup(NamingContext.java:848)
	at org.apache.naming.NamingContext.lookup(NamingContext.java:159)
	at org.apache.naming.NamingContext.lookup(NamingContext.java:836)
	at org.apache.naming.NamingContext.lookup(NamingContext.java:173)
	at org.apache.catalina.core.NamingContextListener.addResource(NamingContextListener.java:1110)
	at org.apache.catalina.core.NamingContextListener.createNamingContext(NamingContextListener.java:689)
	at org.apache.catalina.core.NamingContextListener.lifecycleEvent(NamingContextListener.java:273)
	at org.apache.catalina.util.LifecycleSupport.fireLifecycleEvent(LifecycleSupport.java:117)
	at org.apache.catalina.util.LifecycleBase.fireLifecycleEvent(LifecycleBase.java:90)
	at org.apache.catalina.core.StandardContext.startInternal(StandardContext.java:5519)
	at org.apache.catalina.util.LifecycleBase.start(LifecycleBase.java:145)
	at org.apache.catalina.core.ContainerBase.addChildInternal(ContainerBase.java:1015)
	at org.apache.catalina.core.ContainerBase.addChild(ContainerBase.java:991)
	at org.apache.catalina.core.StandardHost.addChild(StandardHost.java:652)
	at org.apache.catalina.startup.HostConfig.deployDescriptor(HostConfig.java:712)
	at org.apache.catalina.startup.HostConfig$DeployDescriptor.run(HostConfig.java:2002)
	at java.util.concurrent.Executors$RunnableAdapter.call(Executors.java:511)
	at java.util.concurrent.FutureTask.run(FutureTask.java:266)
	at java.util.concurrent.ThreadPoolExecutor.runWorker(ThreadPoolExecutor.java:1142)
	at java.util.concurrent.ThreadPoolExecutor$Worker.run(ThreadPoolExecutor.java:617)
	at java.lang.Thread.run(Thread.java:745)
Caused by: java.lang.ClassNotFoundException: com.mysql.jdbc.Driver
	at java.net.URLClassLoader.findClass(URLClassLoader.java:381)
	at java.lang.ClassLoader.loadClass(ClassLoader.java:424)
	at java.lang.ClassLoader.loadClass(ClassLoader.java:357)
	at java.lang.Class.forName0(Native Method)
	at java.lang.Class.forName(Class.java:348)
	at org.apache.tomcat.jdbc.pool.PooledConnection.connectUsingDriver(PooledConnection.java:246)
	... 32 more

Jan 15, 2018 10:48:56 PM org.apache.catalina.core.NamingContextListener addResource
WARNING: Failed to register in JMX: javax.naming.NamingException: com.mysql.jdbc.Driver
Jan 15, 2018 10:48:57 PM org.apache.catalina.util.SessionIdGeneratorBase createSecureRandom
WARNING: Creation of SecureRandom instance for session ID generation using [SHA1PRNG] took [590] milliseconds.
Jan 15, 2018 10:48:58 PM org.apache.catalina.startup.HostConfig deployDescriptor
INFO: Deployment of configuration descriptor C:\Program Files\Apache\apache-tomcat-7.0.82\conf\Catalina\localhost\task11.xml has finished in 8,130 ms
Jan 15, 2018 10:48:58 PM org.apache.catalina.startup.HostConfig deployDirectory
INFO: Deploying web application directory C:\Program Files\Apache\apache-tomcat-7.0.82\webapps\docs
Jan 15, 2018 10:48:58 PM org.apache.catalina.startup.HostConfig deployDirectory
INFO: Deployment of web application directory C:\Program Files\Apache\apache-tomcat-7.0.82\webapps\docs has finished in 314 ms
Jan 15, 2018 10:48:58 PM org.apache.catalina.startup.HostConfig deployDirectory
INFO: Deploying web application directory C:\Program Files\Apache\apache-tomcat-7.0.82\webapps\examples
Jan 15, 2018 10:49:17 PM org.apache.catalina.startup.HostConfig deployDirectory
INFO: Deployment of web application directory C:\Program Files\Apache\apache-tomcat-7.0.82\webapps\examples has finished in 18,827 ms
Jan 15, 2018 10:49:17 PM org.apache.catalina.startup.HostConfig deployDirectory
INFO: Deploying web application directory C:\Program Files\Apache\apache-tomcat-7.0.82\webapps\host-manager
Jan 15, 2018 10:49:19 PM org.apache.catalina.startup.HostConfig deployDirectory
INFO: Deployment of web application directory C:\Program Files\Apache\apache-tomcat-7.0.82\webapps\host-manager has finished in 2,197 ms
Jan 15, 2018 10:49:19 PM org.apache.catalina.startup.HostConfig deployDirectory
INFO: Deploying web application directory C:\Program Files\Apache\apache-tomcat-7.0.82\webapps\manager
Jan 15, 2018 10:49:19 PM org.apache.catalina.startup.HostConfig deployDirectory
INFO: Deployment of web application directory C:\Program Files\Apache\apache-tomcat-7.0.82\webapps\manager has finished in 335 ms
Jan 15, 2018 10:49:19 PM org.apache.catalina.startup.HostConfig deployDirectory
INFO: Deploying web application directory C:\Program Files\Apache\apache-tomcat-7.0.82\webapps\ROOT
Jan 15, 2018 10:49:20 PM org.apache.catalina.startup.HostConfig deployDirectory
INFO: Deployment of web application directory C:\Program Files\Apache\apache-tomcat-7.0.82\webapps\ROOT has finished in 189 ms
Jan 15, 2018 10:49:20 PM org.apache.coyote.AbstractProtocol start
INFO: Starting ProtocolHandler ["http-apr-8080"]
Jan 15, 2018 10:49:20 PM org.apache.coyote.AbstractProtocol start
INFO: Starting ProtocolHandler ["ajp-apr-8009"]
Jan 15, 2018 10:49:20 PM org.apache.catalina.startup.Catalina start
INFO: Server startup in 30728 ms
Jan 15, 2018 10:51:28 PM org.apache.jasper.compiler.TldLocationsCache tldScanJar
INFO: At least one JAR was scanned for TLDs yet contained no TLDs. Enable debug logging for this logger for a complete list of JARs that were scanned but no TLDs were found in them. Skipping unneeded JARs during scanning can improve startup time and JSP compilation time.
Jan 15, 2018 11:05:09 PM org.apache.catalina.core.StandardServer await
INFO: A valid shutdown command was received via the shutdown port. Stopping the Server instance.
Jan 15, 2018 11:05:10 PM org.apache.coyote.AbstractProtocol pause
INFO: Pausing ProtocolHandler ["http-apr-8080"]
Jan 15, 2018 11:05:12 PM org.apache.coyote.AbstractProtocol pause
INFO: Pausing ProtocolHandler ["ajp-apr-8009"]
Jan 15, 2018 11:05:12 PM org.apache.catalina.core.StandardService stopInternal
INFO: Stopping service Catalina
Jan 15, 2018 11:05:24 PM org.apache.catalina.loader.WebappClassLoaderBase openJARs
WARNING: Failed to open JAR [null]
java.io.FileNotFoundException: C:\Program Files\Apache\apache-tomcat-7.0.82\webapps\task11\WEB-INF\lib\gson-2.3.1.jar (Системе не удается найти указанный путь)
	at java.util.zip.ZipFile.open(Native Method)
	at java.util.zip.ZipFile.<init>(ZipFile.java:219)
	at java.util.zip.ZipFile.<init>(ZipFile.java:149)
	at java.util.jar.JarFile.<init>(JarFile.java:166)
	at java.util.jar.JarFile.<init>(JarFile.java:130)
	at org.apache.catalina.loader.WebappClassLoaderBase.openJARs(WebappClassLoaderBase.java:3108)
	at org.apache.catalina.loader.WebappClassLoaderBase.findResourceInternal(WebappClassLoaderBase.java:3397)
	at org.apache.catalina.loader.WebappClassLoaderBase.findResource(WebappClassLoaderBase.java:1458)
	at org.apache.catalina.loader.WebappClassLoaderBase.getResourceAsStream(WebappClassLoaderBase.java:1686)
	at org.apache.catalina.loader.WebappClassLoaderBase.clearReferencesJdbc(WebappClassLoaderBase.java:2282)
	at org.apache.catalina.loader.WebappClassLoaderBase.clearReferences(WebappClassLoaderBase.java:2223)
	at org.apache.catalina.loader.WebappClassLoaderBase.stop(WebappClassLoaderBase.java:2123)
	at org.apache.catalina.loader.WebappLoader.stopInternal(WebappLoader.java:663)
	at org.apache.catalina.util.LifecycleBase.stop(LifecycleBase.java:221)
	at org.apache.catalina.core.StandardContext.stopInternal(StandardContext.java:5875)
	at org.apache.catalina.util.LifecycleBase.stop(LifecycleBase.java:221)
	at org.apache.catalina.core.ContainerBase$StopChild.call(ContainerBase.java:1716)
	at org.apache.catalina.core.ContainerBase$StopChild.call(ContainerBase.java:1705)
	at java.util.concurrent.FutureTask.run(FutureTask.java:266)
	at java.util.concurrent.ThreadPoolExecutor.runWorker(ThreadPoolExecutor.java:1142)
	at java.util.concurrent.ThreadPoolExecutor$Worker.run(ThreadPoolExecutor.java:617)
	at java.lang.Thread.run(Thread.java:745)

Jan 15, 2018 11:05:24 PM org.apache.catalina.loader.WebappClassLoaderBase clearReferencesJdbc
SEVERE: The web application [/task11] registered the JDBC driver [com.mysql.jdbc.Driver] but failed to unregister it when the web application was stopped. To prevent a memory leak, the JDBC Driver has been forcibly unregistered.
Jan 15, 2018 11:05:24 PM org.apache.catalina.loader.WebappClassLoaderBase clearReferencesThreads
SEVERE: The web application [/task11] appears to have started a thread named [Abandoned connection cleanup thread] but has failed to stop it. This is very likely to create a memory leak.
Jan 15, 2018 11:05:25 PM org.apache.coyote.AbstractProtocol stop
INFO: Stopping ProtocolHandler ["http-apr-8080"]
Jan 15, 2018 11:05:26 PM org.apache.coyote.AbstractProtocol stop
INFO: Stopping ProtocolHandler ["ajp-apr-8009"]
Jan 15, 2018 11:05:26 PM org.apache.coyote.AbstractProtocol destroy
INFO: Destroying ProtocolHandler ["http-apr-8080"]
Jan 15, 2018 11:05:26 PM org.apache.coyote.AbstractProtocol destroy
INFO: Destroying ProtocolHandler ["ajp-apr-8009"]
Jan 15, 2018 11:05:41 PM org.apache.catalina.startup.VersionLoggerListener log
INFO: Server version:        Apache Tomcat/7.0.82
Jan 15, 2018 11:05:41 PM org.apache.catalina.startup.VersionLoggerListener log
INFO: Server built:          Sep 29 2017 12:23:15 UTC
Jan 15, 2018 11:05:41 PM org.apache.catalina.startup.VersionLoggerListener log
INFO: Server number:         7.0.82.0
Jan 15, 2018 11:05:41 PM org.apache.catalina.startup.VersionLoggerListener log
INFO: OS Name:               Windows 8.1
Jan 15, 2018 11:05:41 PM org.apache.catalina.startup.VersionLoggerListener log
INFO: OS Version:            6.3
Jan 15, 2018 11:05:41 PM org.apache.catalina.startup.VersionLoggerListener log
INFO: Architecture:          amd64
Jan 15, 2018 11:05:41 PM org.apache.catalina.startup.VersionLoggerListener log
INFO: Java Home:             C:\Program Files\Java\jdk1.8.0_73\jre
Jan 15, 2018 11:05:41 PM org.apache.catalina.startup.VersionLoggerListener log
INFO: JVM Version:           1.8.0_73-b02
Jan 15, 2018 11:05:41 PM org.apache.catalina.startup.VersionLoggerListener log
INFO: JVM Vendor:            Oracle Corporation
Jan 15, 2018 11:05:41 PM org.apache.catalina.startup.VersionLoggerListener log
INFO: CATALINA_BASE:         C:\Program Files\Apache\apache-tomcat-7.0.82
Jan 15, 2018 11:05:41 PM org.apache.catalina.startup.VersionLoggerListener log
INFO: CATALINA_HOME:         C:\Program Files\Apache\apache-tomcat-7.0.82
Jan 15, 2018 11:05:41 PM org.apache.catalina.startup.VersionLoggerListener log
INFO: Command line argument: -Djava.util.logging.config.file=C:\Program Files\Apache\apache-tomcat-7.0.82\conf\logging.properties
Jan 15, 2018 11:05:41 PM org.apache.catalina.startup.VersionLoggerListener log
INFO: Command line argument: -Djava.util.logging.manager=org.apache.juli.ClassLoaderLogManager
Jan 15, 2018 11:05:41 PM org.apache.catalina.startup.VersionLoggerListener log
INFO: Command line argument: -Djdk.tls.ephemeralDHKeySize=2048
Jan 15, 2018 11:05:41 PM org.apache.catalina.startup.VersionLoggerListener log
INFO: Command line argument: -Djava.endorsed.dirs=C:\Program Files\Apache\apache-tomcat-7.0.82\endorsed
Jan 15, 2018 11:05:41 PM org.apache.catalina.startup.VersionLoggerListener log
INFO: Command line argument: -Dcatalina.base=C:\Program Files\Apache\apache-tomcat-7.0.82
Jan 15, 2018 11:05:41 PM org.apache.catalina.startup.VersionLoggerListener log
INFO: Command line argument: -Dcatalina.home=C:\Program Files\Apache\apache-tomcat-7.0.82
Jan 15, 2018 11:05:41 PM org.apache.catalina.startup.VersionLoggerListener log
INFO: Command line argument: -Djava.io.tmpdir=C:\Program Files\Apache\apache-tomcat-7.0.82\temp
Jan 15, 2018 11:05:41 PM org.apache.catalina.core.AprLifecycleListener lifecycleEvent
INFO: Loaded APR based Apache Tomcat Native library 1.2.14 using APR version 1.6.2.
Jan 15, 2018 11:05:41 PM org.apache.catalina.core.AprLifecycleListener lifecycleEvent
INFO: APR capabilities: IPv6 [true], sendfile [true], accept filters [false], random [true].
Jan 15, 2018 11:05:42 PM org.apache.catalina.core.AprLifecycleListener initializeSSL
INFO: OpenSSL successfully initialized (OpenSSL 1.0.2l  25 May 2017)
Jan 15, 2018 11:05:43 PM org.apache.coyote.AbstractProtocol init
INFO: Initializing ProtocolHandler ["http-apr-8080"]
Jan 15, 2018 11:05:43 PM org.apache.coyote.AbstractProtocol init
INFO: Initializing ProtocolHandler ["ajp-apr-8009"]
Jan 15, 2018 11:05:43 PM org.apache.catalina.startup.Catalina load
INFO: Initialization processed in 4898 ms
Jan 15, 2018 11:05:43 PM org.apache.catalina.core.StandardService startInternal
INFO: Starting service Catalina
Jan 15, 2018 11:05:43 PM org.apache.catalina.core.StandardEngine startInternal
INFO: Starting Servlet Engine: Apache Tomcat/7.0.82
Jan 15, 2018 11:05:44 PM org.apache.catalina.startup.HostConfig deployDescriptor
INFO: Deploying configuration descriptor C:\Program Files\Apache\apache-tomcat-7.0.82\conf\Catalina\localhost\task11.xml
Jan 15, 2018 11:05:44 PM org.apache.catalina.startup.HostConfig deployDescriptor
WARNING: A docBase C:\Program Files\Apache\apache-tomcat-7.0.82\webapps\task11.war inside the host appBase has been specified, and will be ignored
Jan 15, 2018 11:05:47 PM org.apache.catalina.deploy.WebXml setVersion
WARNING: Unknown version string [3.1]. Default version will be used.
Jan 15, 2018 11:05:50 PM org.apache.catalina.startup.TldConfig execute
INFO: At least one JAR was scanned for TLDs yet contained no TLDs. Enable debug logging for this logger for a complete list of JARs that were scanned but no TLDs were found in them. Skipping unneeded JARs during scanning can improve startup time and JSP compilation time.
Jan 15, 2018 11:05:50 PM org.apache.tomcat.jdbc.pool.ConnectionPool checkPoolConfiguration
WARNING: maxIdle is larger than maxActive, setting maxIdle to: 20
Jan 15, 2018 11:05:50 PM org.apache.tomcat.jdbc.pool.ConnectionPool init
SEVERE: Unable to create initial connections of pool.
java.sql.SQLException: com.mysql.jdbc.Driver
	at org.apache.tomcat.jdbc.pool.PooledConnection.connectUsingDriver(PooledConnection.java:254)
	at org.apache.tomcat.jdbc.pool.PooledConnection.connect(PooledConnection.java:182)
	at org.apache.tomcat.jdbc.pool.ConnectionPool.createConnection(ConnectionPool.java:730)
	at org.apache.tomcat.jdbc.pool.ConnectionPool.borrowConnection(ConnectionPool.java:664)
	at org.apache.tomcat.jdbc.pool.ConnectionPool.init(ConnectionPool.java:482)
	at org.apache.tomcat.jdbc.pool.ConnectionPool.<init>(ConnectionPool.java:156)
	at org.apache.tomcat.jdbc.pool.DataSourceProxy.pCreatePool(DataSourceProxy.java:116)
	at org.apache.tomcat.jdbc.pool.DataSourceProxy.createPool(DataSourceProxy.java:103)
	at org.apache.tomcat.jdbc.pool.DataSourceFactory.createDataSource(DataSourceFactory.java:560)
	at org.apache.tomcat.jdbc.pool.DataSourceFactory.getObjectInstance(DataSourceFactory.java:245)
	at org.apache.naming.factory.ResourceFactory.getObjectInstance(ResourceFactory.java:141)
	at javax.naming.spi.NamingManager.getObjectInstance(NamingManager.java:321)
	at org.apache.naming.NamingContext.lookup(NamingContext.java:848)
	at org.apache.naming.NamingContext.lookup(NamingContext.java:159)
	at org.apache.naming.NamingContext.lookup(NamingContext.java:836)
	at org.apache.naming.NamingContext.lookup(NamingContext.java:173)
	at org.apache.catalina.core.NamingContextListener.addResource(NamingContextListener.java:1110)
	at org.apache.catalina.core.NamingContextListener.createNamingContext(NamingContextListener.java:689)
	at org.apache.catalina.core.NamingContextListener.lifecycleEvent(NamingContextListener.java:273)
	at org.apache.catalina.util.LifecycleSupport.fireLifecycleEvent(LifecycleSupport.java:117)
	at org.apache.catalina.util.LifecycleBase.fireLifecycleEvent(LifecycleBase.java:90)
	at org.apache.catalina.core.StandardContext.startInternal(StandardContext.java:5519)
	at org.apache.catalina.util.LifecycleBase.start(LifecycleBase.java:145)
	at org.apache.catalina.core.ContainerBase.addChildInternal(ContainerBase.java:1015)
	at org.apache.catalina.core.ContainerBase.addChild(ContainerBase.java:991)
	at org.apache.catalina.core.StandardHost.addChild(StandardHost.java:652)
	at org.apache.catalina.startup.HostConfig.deployDescriptor(HostConfig.java:712)
	at org.apache.catalina.startup.HostConfig$DeployDescriptor.run(HostConfig.java:2002)
	at java.util.concurrent.Executors$RunnableAdapter.call(Executors.java:511)
	at java.util.concurrent.FutureTask.run(FutureTask.java:266)
	at java.util.concurrent.ThreadPoolExecutor.runWorker(ThreadPoolExecutor.java:1142)
	at java.util.concurrent.ThreadPoolExecutor$Worker.run(ThreadPoolExecutor.java:617)
	at java.lang.Thread.run(Thread.java:745)
Caused by: java.lang.ClassNotFoundException: com.mysql.jdbc.Driver
	at java.net.URLClassLoader.findClass(URLClassLoader.java:381)
	at java.lang.ClassLoader.loadClass(ClassLoader.java:424)
	at java.lang.ClassLoader.loadClass(ClassLoader.java:357)
	at java.lang.Class.forName0(Native Method)
	at java.lang.Class.forName(Class.java:348)
	at org.apache.tomcat.jdbc.pool.PooledConnection.connectUsingDriver(PooledConnection.java:246)
	... 32 more

Jan 15, 2018 11:05:50 PM org.apache.naming.NamingContext lookup
WARNING: Unexpected exception resolving reference
java.sql.SQLException: com.mysql.jdbc.Driver
	at org.apache.tomcat.jdbc.pool.PooledConnection.connectUsingDriver(PooledConnection.java:254)
	at org.apache.tomcat.jdbc.pool.PooledConnection.connect(PooledConnection.java:182)
	at org.apache.tomcat.jdbc.pool.ConnectionPool.createConnection(ConnectionPool.java:730)
	at org.apache.tomcat.jdbc.pool.ConnectionPool.borrowConnection(ConnectionPool.java:664)
	at org.apache.tomcat.jdbc.pool.ConnectionPool.init(ConnectionPool.java:482)
	at org.apache.tomcat.jdbc.pool.ConnectionPool.<init>(ConnectionPool.java:156)
	at org.apache.tomcat.jdbc.pool.DataSourceProxy.pCreatePool(DataSourceProxy.java:116)
	at org.apache.tomcat.jdbc.pool.DataSourceProxy.createPool(DataSourceProxy.java:103)
	at org.apache.tomcat.jdbc.pool.DataSourceFactory.createDataSource(DataSourceFactory.java:560)
	at org.apache.tomcat.jdbc.pool.DataSourceFactory.getObjectInstance(DataSourceFactory.java:245)
	at org.apache.naming.factory.ResourceFactory.getObjectInstance(ResourceFactory.java:141)
	at javax.naming.spi.NamingManager.getObjectInstance(NamingManager.java:321)
	at org.apache.naming.NamingContext.lookup(NamingContext.java:848)
	at org.apache.naming.NamingContext.lookup(NamingContext.java:159)
	at org.apache.naming.NamingContext.lookup(NamingContext.java:836)
	at org.apache.naming.NamingContext.lookup(NamingContext.java:173)
	at org.apache.catalina.core.NamingContextListener.addResource(NamingContextListener.java:1110)
	at org.apache.catalina.core.NamingContextListener.createNamingContext(NamingContextListener.java:689)
	at org.apache.catalina.core.NamingContextListener.lifecycleEvent(NamingContextListener.java:273)
	at org.apache.catalina.util.LifecycleSupport.fireLifecycleEvent(LifecycleSupport.java:117)
	at org.apache.catalina.util.LifecycleBase.fireLifecycleEvent(LifecycleBase.java:90)
	at org.apache.catalina.core.StandardContext.startInternal(StandardContext.java:5519)
	at org.apache.catalina.util.LifecycleBase.start(LifecycleBase.java:145)
	at org.apache.catalina.core.ContainerBase.addChildInternal(ContainerBase.java:1015)
	at org.apache.catalina.core.ContainerBase.addChild(ContainerBase.java:991)
	at org.apache.catalina.core.StandardHost.addChild(StandardHost.java:652)
	at org.apache.catalina.startup.HostConfig.deployDescriptor(HostConfig.java:712)
	at org.apache.catalina.startup.HostConfig$DeployDescriptor.run(HostConfig.java:2002)
	at java.util.concurrent.Executors$RunnableAdapter.call(Executors.java:511)
	at java.util.concurrent.FutureTask.run(FutureTask.java:266)
	at java.util.concurrent.ThreadPoolExecutor.runWorker(ThreadPoolExecutor.java:1142)
	at java.util.concurrent.ThreadPoolExecutor$Worker.run(ThreadPoolExecutor.java:617)
	at java.lang.Thread.run(Thread.java:745)
Caused by: java.lang.ClassNotFoundException: com.mysql.jdbc.Driver
	at java.net.URLClassLoader.findClass(URLClassLoader.java:381)
	at java.lang.ClassLoader.loadClass(ClassLoader.java:424)
	at java.lang.ClassLoader.loadClass(ClassLoader.java:357)
	at java.lang.Class.forName0(Native Method)
	at java.lang.Class.forName(Class.java:348)
	at org.apache.tomcat.jdbc.pool.PooledConnection.connectUsingDriver(PooledConnection.java:246)
	... 32 more

Jan 15, 2018 11:05:50 PM org.apache.catalina.core.NamingContextListener addResource
WARNING: Failed to register in JMX: javax.naming.NamingException: com.mysql.jdbc.Driver
Jan 15, 2018 11:05:51 PM org.apache.catalina.util.SessionIdGeneratorBase createSecureRandom
WARNING: Creation of SecureRandom instance for session ID generation using [SHA1PRNG] took [448] milliseconds.
Jan 15, 2018 11:05:51 PM org.apache.catalina.startup.HostConfig deployDescriptor
INFO: Deployment of configuration descriptor C:\Program Files\Apache\apache-tomcat-7.0.82\conf\Catalina\localhost\task11.xml has finished in 7,584 ms
Jan 15, 2018 11:05:51 PM org.apache.catalina.startup.HostConfig deployDirectory
INFO: Deploying web application directory C:\Program Files\Apache\apache-tomcat-7.0.82\webapps\docs
Jan 15, 2018 11:05:51 PM org.apache.catalina.startup.HostConfig deployDirectory
INFO: Deployment of web application directory C:\Program Files\Apache\apache-tomcat-7.0.82\webapps\docs has finished in 236 ms
Jan 15, 2018 11:05:51 PM org.apache.catalina.startup.HostConfig deployDirectory
INFO: Deploying web application directory C:\Program Files\Apache\apache-tomcat-7.0.82\webapps\examples
Jan 15, 2018 11:05:54 PM org.apache.catalina.startup.HostConfig deployDirectory
INFO: Deployment of web application directory C:\Program Files\Apache\apache-tomcat-7.0.82\webapps\examples has finished in 2,723 ms
Jan 15, 2018 11:05:54 PM org.apache.catalina.startup.HostConfig deployDirectory
INFO: Deploying web application directory C:\Program Files\Apache\apache-tomcat-7.0.82\webapps\host-manager
Jan 15, 2018 11:05:55 PM org.apache.catalina.startup.HostConfig deployDirectory
INFO: Deployment of web application directory C:\Program Files\Apache\apache-tomcat-7.0.82\webapps\host-manager has finished in 510 ms
Jan 15, 2018 11:05:55 PM org.apache.catalina.startup.HostConfig deployDirectory
INFO: Deploying web application directory C:\Program Files\Apache\apache-tomcat-7.0.82\webapps\manager
Jan 15, 2018 11:05:55 PM org.apache.catalina.startup.HostConfig deployDirectory
INFO: Deployment of web application directory C:\Program Files\Apache\apache-tomcat-7.0.82\webapps\manager has finished in 342 ms
Jan 15, 2018 11:05:55 PM org.apache.catalina.startup.HostConfig deployDirectory
INFO: Deploying web application directory C:\Program Files\Apache\apache-tomcat-7.0.82\webapps\ROOT
Jan 15, 2018 11:05:55 PM org.apache.catalina.startup.HostConfig deployDirectory
INFO: Deployment of web application directory C:\Program Files\Apache\apache-tomcat-7.0.82\webapps\ROOT has finished in 209 ms
Jan 15, 2018 11:05:55 PM org.apache.coyote.AbstractProtocol start
INFO: Starting ProtocolHandler ["http-apr-8080"]
Jan 15, 2018 11:05:55 PM org.apache.coyote.AbstractProtocol start
INFO: Starting ProtocolHandler ["ajp-apr-8009"]
Jan 15, 2018 11:05:55 PM org.apache.catalina.startup.Catalina start
INFO: Server startup in 12037 ms
Jan 15, 2018 11:21:48 PM org.apache.catalina.core.StandardServer await
INFO: A valid shutdown command was received via the shutdown port. Stopping the Server instance.
Jan 15, 2018 11:21:48 PM org.apache.coyote.AbstractProtocol pause
INFO: Pausing ProtocolHandler ["http-apr-8080"]
Jan 15, 2018 11:21:48 PM org.apache.coyote.AbstractProtocol pause
INFO: Pausing ProtocolHandler ["ajp-apr-8009"]
Jan 15, 2018 11:21:48 PM org.apache.catalina.core.StandardService stopInternal
INFO: Stopping service Catalina
Jan 15, 2018 11:21:51 PM org.apache.catalina.loader.WebappClassLoaderBase clearReferencesJdbc
SEVERE: The web application [/task11] registered the JDBC driver [com.mysql.jdbc.Driver] but failed to unregister it when the web application was stopped. To prevent a memory leak, the JDBC Driver has been forcibly unregistered.
Jan 15, 2018 11:21:51 PM org.apache.catalina.loader.WebappClassLoaderBase clearReferencesThreads
SEVERE: The web application [/task11] appears to have started a thread named [Abandoned connection cleanup thread] but has failed to stop it. This is very likely to create a memory leak.
Jan 15, 2018 11:21:51 PM org.apache.coyote.AbstractProtocol stop
INFO: Stopping ProtocolHandler ["http-apr-8080"]
Jan 15, 2018 11:21:51 PM org.apache.coyote.AbstractProtocol stop
INFO: Stopping ProtocolHandler ["ajp-apr-8009"]
Jan 15, 2018 11:21:51 PM org.apache.coyote.AbstractProtocol destroy
INFO: Destroying ProtocolHandler ["http-apr-8080"]
Jan 15, 2018 11:21:51 PM org.apache.coyote.AbstractProtocol destroy
INFO: Destroying ProtocolHandler ["ajp-apr-8009"]
Jan 15, 2018 11:24:43 PM org.apache.catalina.startup.VersionLoggerListener log
INFO: Server version:        Apache Tomcat/7.0.82
Jan 15, 2018 11:24:43 PM org.apache.catalina.startup.VersionLoggerListener log
INFO: Server built:          Sep 29 2017 12:23:15 UTC
Jan 15, 2018 11:24:43 PM org.apache.catalina.startup.VersionLoggerListener log
INFO: Server number:         7.0.82.0
Jan 15, 2018 11:24:43 PM org.apache.catalina.startup.VersionLoggerListener log
INFO: OS Name:               Windows 8.1
Jan 15, 2018 11:24:43 PM org.apache.catalina.startup.VersionLoggerListener log
INFO: OS Version:            6.3
Jan 15, 2018 11:24:43 PM org.apache.catalina.startup.VersionLoggerListener log
INFO: Architecture:          amd64
Jan 15, 2018 11:24:43 PM org.apache.catalina.startup.VersionLoggerListener log
INFO: Java Home:             C:\Program Files\Java\jdk1.8.0_73\jre
Jan 15, 2018 11:24:43 PM org.apache.catalina.startup.VersionLoggerListener log
INFO: JVM Version:           1.8.0_73-b02
Jan 15, 2018 11:24:43 PM org.apache.catalina.startup.VersionLoggerListener log
INFO: JVM Vendor:            Oracle Corporation
Jan 15, 2018 11:24:43 PM org.apache.catalina.startup.VersionLoggerListener log
INFO: CATALINA_BASE:         C:\Program Files\Apache\apache-tomcat-7.0.82
Jan 15, 2018 11:24:43 PM org.apache.catalina.startup.VersionLoggerListener log
INFO: CATALINA_HOME:         C:\Program Files\Apache\apache-tomcat-7.0.82
Jan 15, 2018 11:24:43 PM org.apache.catalina.startup.VersionLoggerListener log
INFO: Command line argument: -Djava.util.logging.config.file=C:\Program Files\Apache\apache-tomcat-7.0.82\conf\logging.properties
Jan 15, 2018 11:24:43 PM org.apache.catalina.startup.VersionLoggerListener log
INFO: Command line argument: -Djava.util.logging.manager=org.apache.juli.ClassLoaderLogManager
Jan 15, 2018 11:24:43 PM org.apache.catalina.startup.VersionLoggerListener log
INFO: Command line argument: -Djdk.tls.ephemeralDHKeySize=2048
Jan 15, 2018 11:24:43 PM org.apache.catalina.startup.VersionLoggerListener log
INFO: Command line argument: -Djava.endorsed.dirs=C:\Program Files\Apache\apache-tomcat-7.0.82\endorsed
Jan 15, 2018 11:24:43 PM org.apache.catalina.startup.VersionLoggerListener log
INFO: Command line argument: -Dcatalina.base=C:\Program Files\Apache\apache-tomcat-7.0.82
Jan 15, 2018 11:24:43 PM org.apache.catalina.startup.VersionLoggerListener log
INFO: Command line argument: -Dcatalina.home=C:\Program Files\Apache\apache-tomcat-7.0.82
Jan 15, 2018 11:24:43 PM org.apache.catalina.startup.VersionLoggerListener log
INFO: Command line argument: -Djava.io.tmpdir=C:\Program Files\Apache\apache-tomcat-7.0.82\temp
Jan 15, 2018 11:24:43 PM org.apache.catalina.core.AprLifecycleListener lifecycleEvent
INFO: Loaded APR based Apache Tomcat Native library 1.2.14 using APR version 1.6.2.
Jan 15, 2018 11:24:43 PM org.apache.catalina.core.AprLifecycleListener lifecycleEvent
INFO: APR capabilities: IPv6 [true], sendfile [true], accept filters [false], random [true].
Jan 15, 2018 11:24:45 PM org.apache.catalina.core.AprLifecycleListener initializeSSL
INFO: OpenSSL successfully initialized (OpenSSL 1.0.2l  25 May 2017)
Jan 15, 2018 11:24:47 PM org.apache.coyote.AbstractProtocol init
INFO: Initializing ProtocolHandler ["http-apr-8080"]
Jan 15, 2018 11:24:48 PM org.apache.coyote.AbstractProtocol init
INFO: Initializing ProtocolHandler ["ajp-apr-8009"]
Jan 15, 2018 11:24:48 PM org.apache.catalina.startup.Catalina load
INFO: Initialization processed in 8604 ms
Jan 15, 2018 11:24:48 PM org.apache.catalina.core.StandardService startInternal
INFO: Starting service Catalina
Jan 15, 2018 11:24:48 PM org.apache.catalina.core.StandardEngine startInternal
INFO: Starting Servlet Engine: Apache Tomcat/7.0.82
Jan 15, 2018 11:24:48 PM org.apache.catalina.startup.HostConfig deployDescriptor
INFO: Deploying configuration descriptor C:\Program Files\Apache\apache-tomcat-7.0.82\conf\Catalina\localhost\task11.xml
Jan 15, 2018 11:24:49 PM org.apache.catalina.startup.HostConfig deployDescriptor
WARNING: A docBase C:\Program Files\Apache\apache-tomcat-7.0.82\webapps\task11.war inside the host appBase has been specified, and will be ignored
Jan 15, 2018 11:24:53 PM org.apache.catalina.deploy.WebXml setVersion
WARNING: Unknown version string [3.1]. Default version will be used.
Jan 15, 2018 11:24:57 PM org.apache.catalina.startup.TldConfig execute
INFO: At least one JAR was scanned for TLDs yet contained no TLDs. Enable debug logging for this logger for a complete list of JARs that were scanned but no TLDs were found in them. Skipping unneeded JARs during scanning can improve startup time and JSP compilation time.
Jan 15, 2018 11:24:57 PM org.apache.tomcat.jdbc.pool.ConnectionPool checkPoolConfiguration
WARNING: maxIdle is larger than maxActive, setting maxIdle to: 20
Jan 15, 2018 11:24:57 PM org.apache.tomcat.jdbc.pool.ConnectionPool init
SEVERE: Unable to create initial connections of pool.
java.sql.SQLException: com.mysql.jdbc.Driver
	at org.apache.tomcat.jdbc.pool.PooledConnection.connectUsingDriver(PooledConnection.java:254)
	at org.apache.tomcat.jdbc.pool.PooledConnection.connect(PooledConnection.java:182)
	at org.apache.tomcat.jdbc.pool.ConnectionPool.createConnection(ConnectionPool.java:730)
	at org.apache.tomcat.jdbc.pool.ConnectionPool.borrowConnection(ConnectionPool.java:664)
	at org.apache.tomcat.jdbc.pool.ConnectionPool.init(ConnectionPool.java:482)
	at org.apache.tomcat.jdbc.pool.ConnectionPool.<init>(ConnectionPool.java:156)
	at org.apache.tomcat.jdbc.pool.DataSourceProxy.pCreatePool(DataSourceProxy.java:116)
	at org.apache.tomcat.jdbc.pool.DataSourceProxy.createPool(DataSourceProxy.java:103)
	at org.apache.tomcat.jdbc.pool.DataSourceFactory.createDataSource(DataSourceFactory.java:560)
	at org.apache.tomcat.jdbc.pool.DataSourceFactory.getObjectInstance(DataSourceFactory.java:245)
	at org.apache.naming.factory.ResourceFactory.getObjectInstance(ResourceFactory.java:141)
	at javax.naming.spi.NamingManager.getObjectInstance(NamingManager.java:321)
	at org.apache.naming.NamingContext.lookup(NamingContext.java:848)
	at org.apache.naming.NamingContext.lookup(NamingContext.java:159)
	at org.apache.naming.NamingContext.lookup(NamingContext.java:836)
	at org.apache.naming.NamingContext.lookup(NamingContext.java:173)
	at org.apache.catalina.core.NamingContextListener.addResource(NamingContextListener.java:1110)
	at org.apache.catalina.core.NamingContextListener.createNamingContext(NamingContextListener.java:689)
	at org.apache.catalina.core.NamingContextListener.lifecycleEvent(NamingContextListener.java:273)
	at org.apache.catalina.util.LifecycleSupport.fireLifecycleEvent(LifecycleSupport.java:117)
	at org.apache.catalina.util.LifecycleBase.fireLifecycleEvent(LifecycleBase.java:90)
	at org.apache.catalina.core.StandardContext.startInternal(StandardContext.java:5519)
	at org.apache.catalina.util.LifecycleBase.start(LifecycleBase.java:145)
	at org.apache.catalina.core.ContainerBase.addChildInternal(ContainerBase.java:1015)
	at org.apache.catalina.core.ContainerBase.addChild(ContainerBase.java:991)
	at org.apache.catalina.core.StandardHost.addChild(StandardHost.java:652)
	at org.apache.catalina.startup.HostConfig.deployDescriptor(HostConfig.java:712)
	at org.apache.catalina.startup.HostConfig$DeployDescriptor.run(HostConfig.java:2002)
	at java.util.concurrent.Executors$RunnableAdapter.call(Executors.java:511)
	at java.util.concurrent.FutureTask.run(FutureTask.java:266)
	at java.util.concurrent.ThreadPoolExecutor.runWorker(ThreadPoolExecutor.java:1142)
	at java.util.concurrent.ThreadPoolExecutor$Worker.run(ThreadPoolExecutor.java:617)
	at java.lang.Thread.run(Thread.java:745)
Caused by: java.lang.ClassNotFoundException: com.mysql.jdbc.Driver
	at java.net.URLClassLoader.findClass(URLClassLoader.java:381)
	at java.lang.ClassLoader.loadClass(ClassLoader.java:424)
	at java.lang.ClassLoader.loadClass(ClassLoader.java:357)
	at java.lang.Class.forName0(Native Method)
	at java.lang.Class.forName(Class.java:348)
	at org.apache.tomcat.jdbc.pool.PooledConnection.connectUsingDriver(PooledConnection.java:246)
	... 32 more

Jan 15, 2018 11:24:58 PM org.apache.naming.NamingContext lookup
WARNING: Unexpected exception resolving reference
java.sql.SQLException: com.mysql.jdbc.Driver
	at org.apache.tomcat.jdbc.pool.PooledConnection.connectUsingDriver(PooledConnection.java:254)
	at org.apache.tomcat.jdbc.pool.PooledConnection.connect(PooledConnection.java:182)
	at org.apache.tomcat.jdbc.pool.ConnectionPool.createConnection(ConnectionPool.java:730)
	at org.apache.tomcat.jdbc.pool.ConnectionPool.borrowConnection(ConnectionPool.java:664)
	at org.apache.tomcat.jdbc.pool.ConnectionPool.init(ConnectionPool.java:482)
	at org.apache.tomcat.jdbc.pool.ConnectionPool.<init>(ConnectionPool.java:156)
	at org.apache.tomcat.jdbc.pool.DataSourceProxy.pCreatePool(DataSourceProxy.java:116)
	at org.apache.tomcat.jdbc.pool.DataSourceProxy.createPool(DataSourceProxy.java:103)
	at org.apache.tomcat.jdbc.pool.DataSourceFactory.createDataSource(DataSourceFactory.java:560)
	at org.apache.tomcat.jdbc.pool.DataSourceFactory.getObjectInstance(DataSourceFactory.java:245)
	at org.apache.naming.factory.ResourceFactory.getObjectInstance(ResourceFactory.java:141)
	at javax.naming.spi.NamingManager.getObjectInstance(NamingManager.java:321)
	at org.apache.naming.NamingContext.lookup(NamingContext.java:848)
	at org.apache.naming.NamingContext.lookup(NamingContext.java:159)
	at org.apache.naming.NamingContext.lookup(NamingContext.java:836)
	at org.apache.naming.NamingContext.lookup(NamingContext.java:173)
	at org.apache.catalina.core.NamingContextListener.addResource(NamingContextListener.java:1110)
	at org.apache.catalina.core.NamingContextListener.createNamingContext(NamingContextListener.java:689)
	at org.apache.catalina.core.NamingContextListener.lifecycleEvent(NamingContextListener.java:273)
	at org.apache.catalina.util.LifecycleSupport.fireLifecycleEvent(LifecycleSupport.java:117)
	at org.apache.catalina.util.LifecycleBase.fireLifecycleEvent(LifecycleBase.java:90)
	at org.apache.catalina.core.StandardContext.startInternal(StandardContext.java:5519)
	at org.apache.catalina.util.LifecycleBase.start(LifecycleBase.java:145)
	at org.apache.catalina.core.ContainerBase.addChildInternal(ContainerBase.java:1015)
	at org.apache.catalina.core.ContainerBase.addChild(ContainerBase.java:991)
	at org.apache.catalina.core.StandardHost.addChild(StandardHost.java:652)
	at org.apache.catalina.startup.HostConfig.deployDescriptor(HostConfig.java:712)
	at org.apache.catalina.startup.HostConfig$DeployDescriptor.run(HostConfig.java:2002)
	at java.util.concurrent.Executors$RunnableAdapter.call(Executors.java:511)
	at java.util.concurrent.FutureTask.run(FutureTask.java:266)
	at java.util.concurrent.ThreadPoolExecutor.runWorker(ThreadPoolExecutor.java:1142)
	at java.util.concurrent.ThreadPoolExecutor$Worker.run(ThreadPoolExecutor.java:617)
	at java.lang.Thread.run(Thread.java:745)
Caused by: java.lang.ClassNotFoundException: com.mysql.jdbc.Driver
	at java.net.URLClassLoader.findClass(URLClassLoader.java:381)
	at java.lang.ClassLoader.loadClass(ClassLoader.java:424)
	at java.lang.ClassLoader.loadClass(ClassLoader.java:357)
	at java.lang.Class.forName0(Native Method)
	at java.lang.Class.forName(Class.java:348)
	at org.apache.tomcat.jdbc.pool.PooledConnection.connectUsingDriver(PooledConnection.java:246)
	... 32 more

Jan 15, 2018 11:24:58 PM org.apache.catalina.core.NamingContextListener addResource
WARNING: Failed to register in JMX: javax.naming.NamingException: com.mysql.jdbc.Driver
Jan 15, 2018 11:25:04 PM org.apache.catalina.util.SessionIdGeneratorBase createSecureRandom
WARNING: Creation of SecureRandom instance for session ID generation using [SHA1PRNG] took [692] milliseconds.
Jan 15, 2018 11:25:09 PM org.apache.catalina.startup.HostConfig deployDescriptor
INFO: Deployment of configuration descriptor C:\Program Files\Apache\apache-tomcat-7.0.82\conf\Catalina\localhost\task11.xml has finished in 20,729 ms
Jan 15, 2018 11:25:09 PM org.apache.catalina.startup.HostConfig deployDirectory
INFO: Deploying web application directory C:\Program Files\Apache\apache-tomcat-7.0.82\webapps\docs
Jan 15, 2018 11:25:10 PM org.apache.catalina.startup.HostConfig deployDirectory
INFO: Deployment of web application directory C:\Program Files\Apache\apache-tomcat-7.0.82\webapps\docs has finished in 1,084 ms
Jan 15, 2018 11:25:10 PM org.apache.catalina.startup.HostConfig deployDirectory
INFO: Deploying web application directory C:\Program Files\Apache\apache-tomcat-7.0.82\webapps\examples
Jan 15, 2018 11:25:21 PM org.apache.catalina.startup.HostConfig deployDirectory
INFO: Deployment of web application directory C:\Program Files\Apache\apache-tomcat-7.0.82\webapps\examples has finished in 11,030 ms
Jan 15, 2018 11:25:21 PM org.apache.catalina.startup.HostConfig deployDirectory
INFO: Deploying web application directory C:\Program Files\Apache\apache-tomcat-7.0.82\webapps\host-manager
Jan 15, 2018 11:25:22 PM org.apache.catalina.startup.HostConfig deployDirectory
INFO: Deployment of web application directory C:\Program Files\Apache\apache-tomcat-7.0.82\webapps\host-manager has finished in 996 ms
Jan 15, 2018 11:25:22 PM org.apache.catalina.startup.HostConfig deployDirectory
INFO: Deploying web application directory C:\Program Files\Apache\apache-tomcat-7.0.82\webapps\manager
Jan 15, 2018 11:25:23 PM org.apache.catalina.startup.HostConfig deployDirectory
INFO: Deployment of web application directory C:\Program Files\Apache\apache-tomcat-7.0.82\webapps\manager has finished in 542 ms
Jan 15, 2018 11:25:23 PM org.apache.catalina.startup.HostConfig deployDirectory
INFO: Deploying web application directory C:\Program Files\Apache\apache-tomcat-7.0.82\webapps\ROOT
Jan 15, 2018 11:25:23 PM org.apache.catalina.startup.HostConfig deployDirectory
INFO: Deployment of web application directory C:\Program Files\Apache\apache-tomcat-7.0.82\webapps\ROOT has finished in 391 ms
Jan 15, 2018 11:25:23 PM org.apache.coyote.AbstractProtocol start
INFO: Starting ProtocolHandler ["http-apr-8080"]
Jan 15, 2018 11:25:23 PM org.apache.coyote.AbstractProtocol start
INFO: Starting ProtocolHandler ["ajp-apr-8009"]
Jan 15, 2018 11:25:23 PM org.apache.catalina.startup.Catalina start
INFO: Server startup in 35746 ms
Jan 15, 2018 11:26:46 PM org.apache.catalina.core.StandardServer await
INFO: A valid shutdown command was received via the shutdown port. Stopping the Server instance.
Jan 15, 2018 11:26:46 PM org.apache.coyote.AbstractProtocol pause
INFO: Pausing ProtocolHandler ["http-apr-8080"]
Jan 15, 2018 11:26:46 PM org.apache.coyote.AbstractProtocol pause
INFO: Pausing ProtocolHandler ["ajp-apr-8009"]
Jan 15, 2018 11:26:46 PM org.apache.catalina.core.StandardService stopInternal
INFO: Stopping service Catalina
Jan 15, 2018 11:26:46 PM org.apache.catalina.loader.WebappClassLoaderBase clearReferencesJdbc
SEVERE: The web application [/task11] registered the JDBC driver [com.mysql.jdbc.Driver] but failed to unregister it when the web application was stopped. To prevent a memory leak, the JDBC Driver has been forcibly unregistered.
Jan 15, 2018 11:26:46 PM org.apache.catalina.loader.WebappClassLoaderBase clearReferencesThreads
SEVERE: The web application [/task11] appears to have started a thread named [Abandoned connection cleanup thread] but has failed to stop it. This is very likely to create a memory leak.
Jan 15, 2018 11:26:46 PM org.apache.coyote.AbstractProtocol stop
INFO: Stopping ProtocolHandler ["http-apr-8080"]
Jan 15, 2018 11:26:46 PM org.apache.coyote.AbstractProtocol stop
INFO: Stopping ProtocolHandler ["ajp-apr-8009"]
Jan 15, 2018 11:26:46 PM org.apache.coyote.AbstractProtocol destroy
INFO: Destroying ProtocolHandler ["http-apr-8080"]
Jan 15, 2018 11:26:46 PM org.apache.coyote.AbstractProtocol destroy
INFO: Destroying ProtocolHandler ["ajp-apr-8009"]
Jan 15, 2018 11:32:13 PM org.apache.catalina.startup.VersionLoggerListener log
INFO: Server version:        Apache Tomcat/7.0.82
Jan 15, 2018 11:32:13 PM org.apache.catalina.startup.VersionLoggerListener log
INFO: Server built:          Sep 29 2017 12:23:15 UTC
Jan 15, 2018 11:32:13 PM org.apache.catalina.startup.VersionLoggerListener log
INFO: Server number:         7.0.82.0
Jan 15, 2018 11:32:13 PM org.apache.catalina.startup.VersionLoggerListener log
INFO: OS Name:               Windows 8.1
Jan 15, 2018 11:32:13 PM org.apache.catalina.startup.VersionLoggerListener log
INFO: OS Version:            6.3
Jan 15, 2018 11:32:13 PM org.apache.catalina.startup.VersionLoggerListener log
INFO: Architecture:          amd64
Jan 15, 2018 11:32:13 PM org.apache.catalina.startup.VersionLoggerListener log
INFO: Java Home:             C:\Program Files\Java\jdk1.8.0_73\jre
Jan 15, 2018 11:32:13 PM org.apache.catalina.startup.VersionLoggerListener log
INFO: JVM Version:           1.8.0_73-b02
Jan 15, 2018 11:32:13 PM org.apache.catalina.startup.VersionLoggerListener log
INFO: JVM Vendor:            Oracle Corporation
Jan 15, 2018 11:32:13 PM org.apache.catalina.startup.VersionLoggerListener log
INFO: CATALINA_BASE:         C:\Program Files\Apache\apache-tomcat-7.0.82
Jan 15, 2018 11:32:13 PM org.apache.catalina.startup.VersionLoggerListener log
INFO: CATALINA_HOME:         C:\Program Files\Apache\apache-tomcat-7.0.82
Jan 15, 2018 11:32:13 PM org.apache.catalina.startup.VersionLoggerListener log
INFO: Command line argument: -Djava.util.logging.config.file=C:\Program Files\Apache\apache-tomcat-7.0.82\conf\logging.properties
Jan 15, 2018 11:32:13 PM org.apache.catalina.startup.VersionLoggerListener log
INFO: Command line argument: -Djava.util.logging.manager=org.apache.juli.ClassLoaderLogManager
Jan 15, 2018 11:32:13 PM org.apache.catalina.startup.VersionLoggerListener log
INFO: Command line argument: -Djdk.tls.ephemeralDHKeySize=2048
Jan 15, 2018 11:32:13 PM org.apache.catalina.startup.VersionLoggerListener log
INFO: Command line argument: -Djava.endorsed.dirs=C:\Program Files\Apache\apache-tomcat-7.0.82\endorsed
Jan 15, 2018 11:32:13 PM org.apache.catalina.startup.VersionLoggerListener log
INFO: Command line argument: -Dcatalina.base=C:\Program Files\Apache\apache-tomcat-7.0.82
Jan 15, 2018 11:32:13 PM org.apache.catalina.startup.VersionLoggerListener log
INFO: Command line argument: -Dcatalina.home=C:\Program Files\Apache\apache-tomcat-7.0.82
Jan 15, 2018 11:32:13 PM org.apache.catalina.startup.VersionLoggerListener log
INFO: Command line argument: -Djava.io.tmpdir=C:\Program Files\Apache\apache-tomcat-7.0.82\temp
Jan 15, 2018 11:32:13 PM org.apache.catalina.core.AprLifecycleListener lifecycleEvent
INFO: Loaded APR based Apache Tomcat Native library 1.2.14 using APR version 1.6.2.
Jan 15, 2018 11:32:13 PM org.apache.catalina.core.AprLifecycleListener lifecycleEvent
INFO: APR capabilities: IPv6 [true], sendfile [true], accept filters [false], random [true].
Jan 15, 2018 11:32:14 PM org.apache.catalina.core.AprLifecycleListener initializeSSL
INFO: OpenSSL successfully initialized (OpenSSL 1.0.2l  25 May 2017)
Jan 15, 2018 11:32:15 PM org.apache.coyote.AbstractProtocol init
INFO: Initializing ProtocolHandler ["http-apr-8080"]
Jan 15, 2018 11:32:15 PM org.apache.coyote.AbstractProtocol init
INFO: Initializing ProtocolHandler ["ajp-apr-8009"]
Jan 15, 2018 11:32:15 PM org.apache.catalina.startup.Catalina load
INFO: Initialization processed in 6157 ms
Jan 15, 2018 11:32:16 PM org.apache.catalina.core.StandardService startInternal
INFO: Starting service Catalina
Jan 15, 2018 11:32:16 PM org.apache.catalina.core.StandardEngine startInternal
INFO: Starting Servlet Engine: Apache Tomcat/7.0.82
Jan 15, 2018 11:32:16 PM org.apache.catalina.startup.HostConfig deployDescriptor
INFO: Deploying configuration descriptor C:\Program Files\Apache\apache-tomcat-7.0.82\conf\Catalina\localhost\task11.xml
Jan 15, 2018 11:32:16 PM org.apache.catalina.startup.HostConfig deployDescriptor
WARNING: A docBase C:\Program Files\Apache\apache-tomcat-7.0.82\webapps\task11.war inside the host appBase has been specified, and will be ignored
Jan 15, 2018 11:32:19 PM org.apache.catalina.deploy.WebXml setVersion
WARNING: Unknown version string [3.1]. Default version will be used.
Jan 15, 2018 11:32:21 PM org.apache.catalina.startup.TldConfig execute
INFO: At least one JAR was scanned for TLDs yet contained no TLDs. Enable debug logging for this logger for a complete list of JARs that were scanned but no TLDs were found in them. Skipping unneeded JARs during scanning can improve startup time and JSP compilation time.
Jan 15, 2018 11:32:22 PM org.apache.tomcat.jdbc.pool.ConnectionPool checkPoolConfiguration
WARNING: maxIdle is larger than maxActive, setting maxIdle to: 20
Jan 15, 2018 11:32:22 PM org.apache.tomcat.jdbc.pool.ConnectionPool init
SEVERE: Unable to create initial connections of pool.
java.sql.SQLException: com.mysql.jdbc.Driver
	at org.apache.tomcat.jdbc.pool.PooledConnection.connectUsingDriver(PooledConnection.java:254)
	at org.apache.tomcat.jdbc.pool.PooledConnection.connect(PooledConnection.java:182)
	at org.apache.tomcat.jdbc.pool.ConnectionPool.createConnection(ConnectionPool.java:730)
	at org.apache.tomcat.jdbc.pool.ConnectionPool.borrowConnection(ConnectionPool.java:664)
	at org.apache.tomcat.jdbc.pool.ConnectionPool.init(ConnectionPool.java:482)
	at org.apache.tomcat.jdbc.pool.ConnectionPool.<init>(ConnectionPool.java:156)
	at org.apache.tomcat.jdbc.pool.DataSourceProxy.pCreatePool(DataSourceProxy.java:116)
	at org.apache.tomcat.jdbc.pool.DataSourceProxy.createPool(DataSourceProxy.java:103)
	at org.apache.tomcat.jdbc.pool.DataSourceFactory.createDataSource(DataSourceFactory.java:560)
	at org.apache.tomcat.jdbc.pool.DataSourceFactory.getObjectInstance(DataSourceFactory.java:245)
	at org.apache.naming.factory.ResourceFactory.getObjectInstance(ResourceFactory.java:141)
	at javax.naming.spi.NamingManager.getObjectInstance(NamingManager.java:321)
	at org.apache.naming.NamingContext.lookup(NamingContext.java:848)
	at org.apache.naming.NamingContext.lookup(NamingContext.java:159)
	at org.apache.naming.NamingContext.lookup(NamingContext.java:836)
	at org.apache.naming.NamingContext.lookup(NamingContext.java:173)
	at org.apache.catalina.core.NamingContextListener.addResource(NamingContextListener.java:1110)
	at org.apache.catalina.core.NamingContextListener.createNamingContext(NamingContextListener.java:689)
	at org.apache.catalina.core.NamingContextListener.lifecycleEvent(NamingContextListener.java:273)
	at org.apache.catalina.util.LifecycleSupport.fireLifecycleEvent(LifecycleSupport.java:117)
	at org.apache.catalina.util.LifecycleBase.fireLifecycleEvent(LifecycleBase.java:90)
	at org.apache.catalina.core.StandardContext.startInternal(StandardContext.java:5519)
	at org.apache.catalina.util.LifecycleBase.start(LifecycleBase.java:145)
	at org.apache.catalina.core.ContainerBase.addChildInternal(ContainerBase.java:1015)
	at org.apache.catalina.core.ContainerBase.addChild(ContainerBase.java:991)
	at org.apache.catalina.core.StandardHost.addChild(StandardHost.java:652)
	at org.apache.catalina.startup.HostConfig.deployDescriptor(HostConfig.java:712)
	at org.apache.catalina.startup.HostConfig$DeployDescriptor.run(HostConfig.java:2002)
	at java.util.concurrent.Executors$RunnableAdapter.call(Executors.java:511)
	at java.util.concurrent.FutureTask.run(FutureTask.java:266)
	at java.util.concurrent.ThreadPoolExecutor.runWorker(ThreadPoolExecutor.java:1142)
	at java.util.concurrent.ThreadPoolExecutor$Worker.run(ThreadPoolExecutor.java:617)
	at java.lang.Thread.run(Thread.java:745)
Caused by: java.lang.ClassNotFoundException: com.mysql.jdbc.Driver
	at java.net.URLClassLoader.findClass(URLClassLoader.java:381)
	at java.lang.ClassLoader.loadClass(ClassLoader.java:424)
	at java.lang.ClassLoader.loadClass(ClassLoader.java:357)
	at java.lang.Class.forName0(Native Method)
	at java.lang.Class.forName(Class.java:348)
	at org.apache.tomcat.jdbc.pool.PooledConnection.connectUsingDriver(PooledConnection.java:246)
	... 32 more

Jan 15, 2018 11:32:22 PM org.apache.naming.NamingContext lookup
WARNING: Unexpected exception resolving reference
java.sql.SQLException: com.mysql.jdbc.Driver
	at org.apache.tomcat.jdbc.pool.PooledConnection.connectUsingDriver(PooledConnection.java:254)
	at org.apache.tomcat.jdbc.pool.PooledConnection.connect(PooledConnection.java:182)
	at org.apache.tomcat.jdbc.pool.ConnectionPool.createConnection(ConnectionPool.java:730)
	at org.apache.tomcat.jdbc.pool.ConnectionPool.borrowConnection(ConnectionPool.java:664)
	at org.apache.tomcat.jdbc.pool.ConnectionPool.init(ConnectionPool.java:482)
	at org.apache.tomcat.jdbc.pool.ConnectionPool.<init>(ConnectionPool.java:156)
	at org.apache.tomcat.jdbc.pool.DataSourceProxy.pCreatePool(DataSourceProxy.java:116)
	at org.apache.tomcat.jdbc.pool.DataSourceProxy.createPool(DataSourceProxy.java:103)
	at org.apache.tomcat.jdbc.pool.DataSourceFactory.createDataSource(DataSourceFactory.java:560)
	at org.apache.tomcat.jdbc.pool.DataSourceFactory.getObjectInstance(DataSourceFactory.java:245)
	at org.apache.naming.factory.ResourceFactory.getObjectInstance(ResourceFactory.java:141)
	at javax.naming.spi.NamingManager.getObjectInstance(NamingManager.java:321)
	at org.apache.naming.NamingContext.lookup(NamingContext.java:848)
	at org.apache.naming.NamingContext.lookup(NamingContext.java:159)
	at org.apache.naming.NamingContext.lookup(NamingContext.java:836)
	at org.apache.naming.NamingContext.lookup(NamingContext.java:173)
	at org.apache.catalina.core.NamingContextListener.addResource(NamingContextListener.java:1110)
	at org.apache.catalina.core.NamingContextListener.createNamingContext(NamingContextListener.java:689)
	at org.apache.catalina.core.NamingContextListener.lifecycleEvent(NamingContextListener.java:273)
	at org.apache.catalina.util.LifecycleSupport.fireLifecycleEvent(LifecycleSupport.java:117)
	at org.apache.catalina.util.LifecycleBase.fireLifecycleEvent(LifecycleBase.java:90)
	at org.apache.catalina.core.StandardContext.startInternal(StandardContext.java:5519)
	at org.apache.catalina.util.LifecycleBase.start(LifecycleBase.java:145)
	at org.apache.catalina.core.ContainerBase.addChildInternal(ContainerBase.java:1015)
	at org.apache.catalina.core.ContainerBase.addChild(ContainerBase.java:991)
	at org.apache.catalina.core.StandardHost.addChild(StandardHost.java:652)
	at org.apache.catalina.startup.HostConfig.deployDescriptor(HostConfig.java:712)
	at org.apache.catalina.startup.HostConfig$DeployDescriptor.run(HostConfig.java:2002)
	at java.util.concurrent.Executors$RunnableAdapter.call(Executors.java:511)
	at java.util.concurrent.FutureTask.run(FutureTask.java:266)
	at java.util.concurrent.ThreadPoolExecutor.runWorker(ThreadPoolExecutor.java:1142)
	at java.util.concurrent.ThreadPoolExecutor$Worker.run(ThreadPoolExecutor.java:617)
	at java.lang.Thread.run(Thread.java:745)
Caused by: java.lang.ClassNotFoundException: com.mysql.jdbc.Driver
	at java.net.URLClassLoader.findClass(URLClassLoader.java:381)
	at java.lang.ClassLoader.loadClass(ClassLoader.java:424)
	at java.lang.ClassLoader.loadClass(ClassLoader.java:357)
	at java.lang.Class.forName0(Native Method)
	at java.lang.Class.forName(Class.java:348)
	at org.apache.tomcat.jdbc.pool.PooledConnection.connectUsingDriver(PooledConnection.java:246)
	... 32 more

Jan 15, 2018 11:32:22 PM org.apache.catalina.core.NamingContextListener addResource
WARNING: Failed to register in JMX: javax.naming.NamingException: com.mysql.jdbc.Driver
Jan 15, 2018 11:32:23 PM org.apache.catalina.util.SessionIdGeneratorBase createSecureRandom
WARNING: Creation of SecureRandom instance for session ID generation using [SHA1PRNG] took [547] milliseconds.
Jan 15, 2018 11:32:23 PM org.apache.catalina.startup.HostConfig deployDescriptor
INFO: Deployment of configuration descriptor C:\Program Files\Apache\apache-tomcat-7.0.82\conf\Catalina\localhost\task11.xml has finished in 7,331 ms
Jan 15, 2018 11:32:23 PM org.apache.catalina.startup.HostConfig deployDirectory
INFO: Deploying web application directory C:\Program Files\Apache\apache-tomcat-7.0.82\webapps\docs
Jan 15, 2018 11:32:24 PM org.apache.catalina.startup.HostConfig deployDirectory
INFO: Deployment of web application directory C:\Program Files\Apache\apache-tomcat-7.0.82\webapps\docs has finished in 329 ms
Jan 15, 2018 11:32:24 PM org.apache.catalina.startup.HostConfig deployDirectory
INFO: Deploying web application directory C:\Program Files\Apache\apache-tomcat-7.0.82\webapps\examples
Jan 15, 2018 11:32:26 PM org.apache.catalina.startup.HostConfig deployDirectory
INFO: Deployment of web application directory C:\Program Files\Apache\apache-tomcat-7.0.82\webapps\examples has finished in 2,259 ms
Jan 15, 2018 11:32:26 PM org.apache.catalina.startup.HostConfig deployDirectory
INFO: Deploying web application directory C:\Program Files\Apache\apache-tomcat-7.0.82\webapps\host-manager
Jan 15, 2018 11:32:26 PM org.apache.catalina.startup.HostConfig deployDirectory
INFO: Deployment of web application directory C:\Program Files\Apache\apache-tomcat-7.0.82\webapps\host-manager has finished in 616 ms
Jan 15, 2018 11:32:26 PM org.apache.catalina.startup.HostConfig deployDirectory
INFO: Deploying web application directory C:\Program Files\Apache\apache-tomcat-7.0.82\webapps\manager
Jan 15, 2018 11:32:27 PM org.apache.catalina.startup.HostConfig deployDirectory
INFO: Deployment of web application directory C:\Program Files\Apache\apache-tomcat-7.0.82\webapps\manager has finished in 448 ms
Jan 15, 2018 11:32:27 PM org.apache.catalina.startup.HostConfig deployDirectory
INFO: Deploying web application directory C:\Program Files\Apache\apache-tomcat-7.0.82\webapps\ROOT
Jan 15, 2018 11:32:27 PM org.apache.catalina.startup.HostConfig deployDirectory
INFO: Deployment of web application directory C:\Program Files\Apache\apache-tomcat-7.0.82\webapps\ROOT has finished in 194 ms
Jan 15, 2018 11:32:27 PM org.apache.coyote.AbstractProtocol start
INFO: Starting ProtocolHandler ["http-apr-8080"]
Jan 15, 2018 11:32:27 PM org.apache.coyote.AbstractProtocol start
INFO: Starting ProtocolHandler ["ajp-apr-8009"]
Jan 15, 2018 11:32:27 PM org.apache.catalina.startup.Catalina start
INFO: Server startup in 11724 ms
Jan 15, 2018 11:39:47 PM org.apache.catalina.core.StandardServer await
INFO: A valid shutdown command was received via the shutdown port. Stopping the Server instance.
Jan 15, 2018 11:39:51 PM org.apache.coyote.AbstractProtocol pause
INFO: Pausing ProtocolHandler ["http-apr-8080"]
Jan 15, 2018 11:39:53 PM org.apache.catalina.startup.HostConfig undeploy
INFO: Undeploying context [/task11]
Jan 15, 2018 11:39:54 PM org.apache.coyote.AbstractProtocol pause
INFO: Pausing ProtocolHandler ["ajp-apr-8009"]
Jan 15, 2018 11:39:54 PM org.apache.catalina.core.StandardService stopInternal
INFO: Stopping service Catalina
Jan 15, 2018 11:40:28 PM org.apache.catalina.loader.WebappClassLoaderBase openJARs
WARNING: Failed to open JAR [null]
java.io.FileNotFoundException: C:\Program Files\Apache\apache-tomcat-7.0.82\webapps\task11\WEB-INF\lib\gson-2.3.1.jar (Системе не удается найти указанный путь)
	at java.util.zip.ZipFile.open(Native Method)
	at java.util.zip.ZipFile.<init>(ZipFile.java:219)
	at java.util.zip.ZipFile.<init>(ZipFile.java:149)
	at java.util.jar.JarFile.<init>(JarFile.java:166)
	at java.util.jar.JarFile.<init>(JarFile.java:130)
	at org.apache.catalina.loader.WebappClassLoaderBase.openJARs(WebappClassLoaderBase.java:3108)
	at org.apache.catalina.loader.WebappClassLoaderBase.findResourceInternal(WebappClassLoaderBase.java:3397)
	at org.apache.catalina.loader.WebappClassLoaderBase.findResource(WebappClassLoaderBase.java:1458)
	at org.apache.catalina.loader.WebappClassLoaderBase.getResourceAsStream(WebappClassLoaderBase.java:1686)
	at org.apache.catalina.loader.WebappClassLoaderBase.clearReferencesJdbc(WebappClassLoaderBase.java:2282)
	at org.apache.catalina.loader.WebappClassLoaderBase.clearReferences(WebappClassLoaderBase.java:2223)
	at org.apache.catalina.loader.WebappClassLoaderBase.stop(WebappClassLoaderBase.java:2123)
	at org.apache.catalina.loader.WebappLoader.stopInternal(WebappLoader.java:663)
	at org.apache.catalina.util.LifecycleBase.stop(LifecycleBase.java:221)
	at org.apache.catalina.core.StandardContext.stopInternal(StandardContext.java:5875)
	at org.apache.catalina.util.LifecycleBase.stop(LifecycleBase.java:221)
	at org.apache.catalina.core.ContainerBase.removeChild(ContainerBase.java:1135)
	at org.apache.catalina.startup.HostConfig.undeploy(HostConfig.java:1598)
	at org.apache.catalina.startup.HostConfig.checkResources(HostConfig.java:1524)
	at org.apache.catalina.startup.HostConfig.check(HostConfig.java:1784)
	at org.apache.catalina.startup.HostConfig.lifecycleEvent(HostConfig.java:366)
	at org.apache.catalina.util.LifecycleSupport.fireLifecycleEvent(LifecycleSupport.java:117)
	at org.apache.catalina.util.LifecycleBase.fireLifecycleEvent(LifecycleBase.java:90)
	at org.apache.catalina.core.ContainerBase.backgroundProcess(ContainerBase.java:1500)
	at org.apache.catalina.core.ContainerBase$ContainerBackgroundProcessor.processChildren(ContainerBase.java:1671)
	at org.apache.catalina.core.ContainerBase$ContainerBackgroundProcessor.processChildren(ContainerBase.java:1681)
	at org.apache.catalina.core.ContainerBase$ContainerBackgroundProcessor.run(ContainerBase.java:1649)
	at java.lang.Thread.run(Thread.java:745)

Jan 15, 2018 11:40:31 PM org.apache.catalina.loader.WebappClassLoaderBase clearReferencesJdbc
SEVERE: The web application [/task11] registered the JDBC driver [com.mysql.jdbc.Driver] but failed to unregister it when the web application was stopped. To prevent a memory leak, the JDBC Driver has been forcibly unregistered.
Jan 15, 2018 11:40:31 PM org.apache.catalina.loader.WebappClassLoaderBase clearReferencesThreads
SEVERE: The web application [/task11] appears to have started a thread named [Abandoned connection cleanup thread] but has failed to stop it. This is very likely to create a memory leak.
Jan 15, 2018 11:40:41 PM org.apache.coyote.AbstractProtocol stop
INFO: Stopping ProtocolHandler ["http-apr-8080"]
Jan 15, 2018 11:40:43 PM org.apache.coyote.AbstractProtocol stop
INFO: Stopping ProtocolHandler ["ajp-apr-8009"]
Jan 15, 2018 11:40:43 PM org.apache.coyote.AbstractProtocol destroy
INFO: Destroying ProtocolHandler ["http-apr-8080"]
Jan 15, 2018 11:40:44 PM org.apache.coyote.AbstractProtocol destroy
INFO: Destroying ProtocolHandler ["ajp-apr-8009"]
Jan 15, 2018 11:44:42 PM org.apache.catalina.startup.VersionLoggerListener log
INFO: Server version:        Apache Tomcat/7.0.82
Jan 15, 2018 11:44:42 PM org.apache.catalina.startup.VersionLoggerListener log
INFO: Server built:          Sep 29 2017 12:23:15 UTC
Jan 15, 2018 11:44:42 PM org.apache.catalina.startup.VersionLoggerListener log
INFO: Server number:         7.0.82.0
Jan 15, 2018 11:44:42 PM org.apache.catalina.startup.VersionLoggerListener log
INFO: OS Name:               Windows 8.1
Jan 15, 2018 11:44:42 PM org.apache.catalina.startup.VersionLoggerListener log
INFO: OS Version:            6.3
Jan 15, 2018 11:44:42 PM org.apache.catalina.startup.VersionLoggerListener log
INFO: Architecture:          amd64
Jan 15, 2018 11:44:42 PM org.apache.catalina.startup.VersionLoggerListener log
INFO: Java Home:             C:\Program Files\Java\jdk1.8.0_73\jre
Jan 15, 2018 11:44:42 PM org.apache.catalina.startup.VersionLoggerListener log
INFO: JVM Version:           1.8.0_73-b02
Jan 15, 2018 11:44:42 PM org.apache.catalina.startup.VersionLoggerListener log
INFO: JVM Vendor:            Oracle Corporation
Jan 15, 2018 11:44:42 PM org.apache.catalina.startup.VersionLoggerListener log
INFO: CATALINA_BASE:         C:\Program Files\Apache\apache-tomcat-7.0.82
Jan 15, 2018 11:44:42 PM org.apache.catalina.startup.VersionLoggerListener log
INFO: CATALINA_HOME:         C:\Program Files\Apache\apache-tomcat-7.0.82
Jan 15, 2018 11:44:42 PM org.apache.catalina.startup.VersionLoggerListener log
INFO: Command line argument: -Djava.util.logging.config.file=C:\Program Files\Apache\apache-tomcat-7.0.82\conf\logging.properties
Jan 15, 2018 11:44:42 PM org.apache.catalina.startup.VersionLoggerListener log
INFO: Command line argument: -Djava.util.logging.manager=org.apache.juli.ClassLoaderLogManager
Jan 15, 2018 11:44:42 PM org.apache.catalina.startup.VersionLoggerListener log
INFO: Command line argument: -Djdk.tls.ephemeralDHKeySize=2048
Jan 15, 2018 11:44:42 PM org.apache.catalina.startup.VersionLoggerListener log
INFO: Command line argument: -Djava.endorsed.dirs=C:\Program Files\Apache\apache-tomcat-7.0.82\endorsed
Jan 15, 2018 11:44:42 PM org.apache.catalina.startup.VersionLoggerListener log
INFO: Command line argument: -Dcatalina.base=C:\Program Files\Apache\apache-tomcat-7.0.82
Jan 15, 2018 11:44:42 PM org.apache.catalina.startup.VersionLoggerListener log
INFO: Command line argument: -Dcatalina.home=C:\Program Files\Apache\apache-tomcat-7.0.82
Jan 15, 2018 11:44:42 PM org.apache.catalina.startup.VersionLoggerListener log
INFO: Command line argument: -Djava.io.tmpdir=C:\Program Files\Apache\apache-tomcat-7.0.82\temp
Jan 15, 2018 11:44:42 PM org.apache.catalina.core.AprLifecycleListener lifecycleEvent
INFO: Loaded APR based Apache Tomcat Native library 1.2.14 using APR version 1.6.2.
Jan 15, 2018 11:44:42 PM org.apache.catalina.core.AprLifecycleListener lifecycleEvent
INFO: APR capabilities: IPv6 [true], sendfile [true], accept filters [false], random [true].
Jan 15, 2018 11:44:43 PM org.apache.catalina.core.AprLifecycleListener initializeSSL
INFO: OpenSSL successfully initialized (OpenSSL 1.0.2l  25 May 2017)
Jan 15, 2018 11:44:44 PM org.apache.coyote.AbstractProtocol init
INFO: Initializing ProtocolHandler ["http-apr-8080"]
Jan 15, 2018 11:44:44 PM org.apache.coyote.AbstractProtocol init
INFO: Initializing ProtocolHandler ["ajp-apr-8009"]
Jan 15, 2018 11:44:44 PM org.apache.catalina.startup.Catalina load
INFO: Initialization processed in 4812 ms
Jan 15, 2018 11:44:44 PM org.apache.catalina.core.StandardService startInternal
INFO: Starting service Catalina
Jan 15, 2018 11:44:44 PM org.apache.catalina.core.StandardEngine startInternal
INFO: Starting Servlet Engine: Apache Tomcat/7.0.82
Jan 15, 2018 11:44:45 PM org.apache.catalina.startup.HostConfig deployWAR
INFO: Deploying web application archive C:\Program Files\Apache\apache-tomcat-7.0.82\webapps\task11.war
Jan 15, 2018 11:44:47 PM org.apache.catalina.deploy.WebXml setVersion
WARNING: Unknown version string [3.1]. Default version will be used.
Jan 15, 2018 11:44:49 PM org.apache.catalina.startup.TldConfig execute
INFO: At least one JAR was scanned for TLDs yet contained no TLDs. Enable debug logging for this logger for a complete list of JARs that were scanned but no TLDs were found in them. Skipping unneeded JARs during scanning can improve startup time and JSP compilation time.
Jan 15, 2018 11:44:50 PM org.apache.catalina.util.SessionIdGeneratorBase createSecureRandom
WARNING: Creation of SecureRandom instance for session ID generation using [SHA1PRNG] took [785] milliseconds.
Jan 15, 2018 11:44:50 PM org.apache.catalina.startup.HostConfig deployWAR
INFO: Deployment of web application archive C:\Program Files\Apache\apache-tomcat-7.0.82\webapps\task11.war has finished in 5,753 ms
Jan 15, 2018 11:44:50 PM org.apache.catalina.startup.HostConfig deployDirectory
INFO: Deploying web application directory C:\Program Files\Apache\apache-tomcat-7.0.82\webapps\docs
Jan 15, 2018 11:44:51 PM org.apache.catalina.startup.HostConfig deployDirectory
INFO: Deployment of web application directory C:\Program Files\Apache\apache-tomcat-7.0.82\webapps\docs has finished in 269 ms
Jan 15, 2018 11:44:51 PM org.apache.catalina.startup.HostConfig deployDirectory
INFO: Deploying web application directory C:\Program Files\Apache\apache-tomcat-7.0.82\webapps\examples
Jan 15, 2018 11:44:53 PM org.apache.catalina.startup.HostConfig deployDirectory
INFO: Deployment of web application directory C:\Program Files\Apache\apache-tomcat-7.0.82\webapps\examples has finished in 1,917 ms
Jan 15, 2018 11:44:53 PM org.apache.catalina.startup.HostConfig deployDirectory
INFO: Deploying web application directory C:\Program Files\Apache\apache-tomcat-7.0.82\webapps\host-manager
Jan 15, 2018 11:44:53 PM org.apache.catalina.startup.HostConfig deployDirectory
INFO: Deployment of web application directory C:\Program Files\Apache\apache-tomcat-7.0.82\webapps\host-manager has finished in 692 ms
Jan 15, 2018 11:44:53 PM org.apache.catalina.startup.HostConfig deployDirectory
INFO: Deploying web application directory C:\Program Files\Apache\apache-tomcat-7.0.82\webapps\manager
Jan 15, 2018 11:44:54 PM org.apache.catalina.startup.HostConfig deployDirectory
INFO: Deployment of web application directory C:\Program Files\Apache\apache-tomcat-7.0.82\webapps\manager has finished in 269 ms
Jan 15, 2018 11:44:54 PM org.apache.catalina.startup.HostConfig deployDirectory
INFO: Deploying web application directory C:\Program Files\Apache\apache-tomcat-7.0.82\webapps\ROOT
Jan 15, 2018 11:44:54 PM org.apache.catalina.startup.HostConfig deployDirectory
INFO: Deployment of web application directory C:\Program Files\Apache\apache-tomcat-7.0.82\webapps\ROOT has finished in 195 ms
Jan 15, 2018 11:44:54 PM org.apache.coyote.AbstractProtocol start
INFO: Starting ProtocolHandler ["http-apr-8080"]
Jan 15, 2018 11:44:54 PM org.apache.coyote.AbstractProtocol start
INFO: Starting ProtocolHandler ["ajp-apr-8009"]
Jan 15, 2018 11:44:54 PM org.apache.catalina.startup.Catalina start
INFO: Server startup in 9680 ms
